This file contains any messages produced by compilers while
running configure, to aid debugging if configure makes a mistake.

It was created by configure, which was
generated by GNU Autoconf 2.66.  Invocation command line was

  $ ./configure --host=arm-none-linux-gnueabi --prefix=/lvm --enable-static_link --disable-readline --disable-selinux --with-pool=none --with-cluster=none --with-confdir=/lvm/etc --with-default-run-dir=/data/lvm/run --with-default-system-dir=/lvm/etc --with-default-locking-dir=/data/lvm/lock --with-optimisation=-Os -march=armv5te -mtune=cortex-a8 -mthumb ac_cv_func_malloc_0_nonnull=yes ac_cv_func_realloc_0_nonnull=yes

## --------- ##
## Platform. ##
## --------- ##

hostname = kkangs-VB
uname -m = i686
uname -r = 3.11.0-15-generic
uname -s = Linux
uname -v = #25~precise1-Ubuntu SMP Thu Jan 30 17:42:40 UTC 2014

/usr/bin/uname -p = unknown
/bin/uname -X     = unknown

/bin/arch              = unknown
/usr/bin/arch -k       = unknown
/usr/convex/getsysinfo = unknown
/usr/bin/hostinfo      = unknown
/bin/machine           = unknown
/usr/bin/oslevel       = unknown
/bin/universe          = unknown

PATH: /home/kkangs/MentorGraphics/Sourcery_CodeBench_Lite_for_ARM_GNU_Linux/bin
PATH: /usr/lib/lightdm/lightdm
PATH: /usr/local/sbin
PATH: /usr/local/bin
PATH: /usr/sbin
PATH: /usr/bin
PATH: /sbin
PATH: /bin
PATH: /usr/games


## ----------- ##
## Core tests. ##
## ----------- ##

configure:2764: checking build system type
configure:2778: result: i686-pc-linux-gnu
configure:2798: checking host system type
configure:2811: result: arm-none-linux-gnueabi
configure:2831: checking target system type
configure:2844: result: arm-none-linux-gnueabi
configure:2910: checking for a sed that does not truncate output
configure:2974: result: /bin/sed
configure:2983: checking for gawk
configure:3013: result: no
configure:2983: checking for mawk
configure:2999: found /usr/bin/mawk
configure:3010: result: mawk
configure:3029: checking for arm-none-linux-gnueabi-gcc
configure:3056: result: arm-none-linux-gnueabi-gcc
configure:3325: checking for C compiler version
configure:3334: arm-none-linux-gnueabi-gcc --version >&5
arm-none-linux-gnueabi-gcc (Sourcery CodeBench Lite 2014.05-29) 4.8.3 20140320 (prerelease)
Copyright (C) 2013 Free Software Foundation, Inc.
This is free software; see the source for copying conditions.  There is NO
warranty; not even for MERCHANTABILITY or FITNESS FOR A PARTICULAR PURPOSE.

configure:3345: $? = 0
configure:3334: arm-none-linux-gnueabi-gcc -v >&5
Using built-in specs.
COLLECT_GCC=arm-none-linux-gnueabi-gcc
COLLECT_LTO_WRAPPER=/home/kkangs/MentorGraphics/Sourcery_CodeBench_Lite_for_ARM_GNU_Linux/bin/../libexec/gcc/arm-none-linux-gnueabi/4.8.3/lto-wrapper
Target: arm-none-linux-gnueabi
Configured with: /scratch/maciej/arm-linux-2014.05-rel/src/gcc-4.8-2014.05/configure --build=i686-pc-linux-gnu --host=i686-pc-linux-gnu --target=arm-none-linux-gnueabi --enable-threads --disable-libmudflap --disable-libssp --disable-libstdcxx-pch --enable-extra-sgxxlite-multilibs --with-arch=armv5te --with-gnu-as --with-gnu-ld --with-specs='%{save-temps: -fverbose-asm} %{funwind-tables|fno-unwind-tables|mabi=*|ffreestanding|nostdlib:;:-funwind-tables} -D__CS_SOURCERYGXX_MAJ__=2014 -D__CS_SOURCERYGXX_MIN__=5 -D__CS_SOURCERYGXX_REV__=29' --enable-languages=c,c++ --enable-shared --enable-lto --enable-symvers=gnu --enable-__cxa_atexit --with-pkgversion='Sourcery CodeBench Lite 2014.05-29' --with-bugurl=https://sourcery.mentor.com/GNUToolchain/ --disable-nls --prefix=/opt/codesourcery --with-sysroot=/opt/codesourcery/arm-none-linux-gnueabi/libc --with-build-sysroot=/scratch/maciej/arm-linux-2014.05-rel/install/opt/codesourcery/arm-none-linux-gnueabi/libc --with-gmp=/scratch/maciej/arm-linux-2014.05-rel/obj/pkg-2014.05-29-arm-none-linux-gnueabi/arm-2014.05-29-arm-none-linux-gnueabi.extras/host-libs-i686-pc-linux-gnu/usr --with-mpfr=/scratch/maciej/arm-linux-2014.05-rel/obj/pkg-2014.05-29-arm-none-linux-gnueabi/arm-2014.05-29-arm-none-linux-gnueabi.extras/host-libs-i686-pc-linux-gnu/usr --with-mpc=/scratch/maciej/arm-linux-2014.05-rel/obj/pkg-2014.05-29-arm-none-linux-gnueabi/arm-2014.05-29-arm-none-linux-gnueabi.extras/host-libs-i686-pc-linux-gnu/usr --with-isl=/scratch/maciej/arm-linux-2014.05-rel/obj/pkg-2014.05-29-arm-none-linux-gnueabi/arm-2014.05-29-arm-none-linux-gnueabi.extras/host-libs-i686-pc-linux-gnu/usr --with-cloog=/scratch/maciej/arm-linux-2014.05-rel/obj/pkg-2014.05-29-arm-none-linux-gnueabi/arm-2014.05-29-arm-none-linux-gnueabi.extras/host-libs-i686-pc-linux-gnu/usr --disable-libgomp --disable-libitm --enable-libatomic --disable-libssp --enable-poison-system-directories --with-build-time-tools=/scratch/maciej/arm-linux-2014.05-rel/install/opt/codesourcery/arm-none-linux-gnueabi/bin --with-build-time-tools=/scratch/maciej/arm-linux-2014.05-rel/install/opt/codesourcery/arm-none-linux-gnueabi/bin SED=sed
Thread model: posix
gcc version 4.8.3 20140320 (prerelease) (Sourcery CodeBench Lite 2014.05-29) 
configure:3345: $? = 0
configure:3334: arm-none-linux-gnueabi-gcc -V >&5
arm-none-linux-gnueabi-gcc: error: unrecognized command line option '-V'
arm-none-linux-gnueabi-gcc: fatal error: no input files
compilation terminated.
configure:3345: $? = 1
configure:3334: arm-none-linux-gnueabi-gcc -qversion >&5
arm-none-linux-gnueabi-gcc: error: unrecognized command line option '-qversion'
arm-none-linux-gnueabi-gcc: fatal error: no input files
compilation terminated.
configure:3345: $? = 1
configure:3365: checking whether the C compiler works
configure:3387: arm-none-linux-gnueabi-gcc    conftest.c  >&5
configure:3391: $? = 0
configure:3439: result: yes
configure:3442: checking for C compiler default output file name
configure:3444: result: a.out
configure:3450: checking for suffix of executables
configure:3457: arm-none-linux-gnueabi-gcc -o conftest    conftest.c  >&5
configure:3461: $? = 0
configure:3483: result: 
configure:3505: checking whether we are cross compiling
configure:3513: arm-none-linux-gnueabi-gcc -o conftest    conftest.c  >&5
configure:3517: $? = 0
configure:3524: ./conftest
./configure: line 3526: ./conftest: cannot execute binary file
configure:3528: $? = 126
configure:3543: result: yes
configure:3548: checking for suffix of object files
configure:3570: arm-none-linux-gnueabi-gcc -c   conftest.c >&5
configure:3574: $? = 0
configure:3595: result: o
configure:3599: checking whether we are using the GNU C compiler
configure:3618: arm-none-linux-gnueabi-gcc -c   conftest.c >&5
configure:3618: $? = 0
configure:3627: result: yes
configure:3636: checking whether arm-none-linux-gnueabi-gcc accepts -g
configure:3656: arm-none-linux-gnueabi-gcc -c -g  conftest.c >&5
configure:3656: $? = 0
configure:3697: result: yes
configure:3714: checking for arm-none-linux-gnueabi-gcc option to accept ISO C89
configure:3778: arm-none-linux-gnueabi-gcc  -c   conftest.c >&5
configure:3778: $? = 0
configure:3791: result: none needed
configure:3818: checking how to run the C preprocessor
configure:3849: arm-none-linux-gnueabi-gcc -E  conftest.c
configure:3849: $? = 0
configure:3863: arm-none-linux-gnueabi-gcc -E  conftest.c
conftest.c:9:28: fatal error: ac_nonexistent.h: No such file or directory
 #include <ac_nonexistent.h>
                            ^
compilation terminated.
configure:3863: $? = 1
configure: failed program was:
| /* confdefs.h */
| #define PACKAGE_NAME ""
| #define PACKAGE_TARNAME ""
| #define PACKAGE_VERSION ""
| #define PACKAGE_STRING ""
| #define PACKAGE_BUGREPORT ""
| #define PACKAGE_URL ""
| /* end confdefs.h.  */
| #include <ac_nonexistent.h>
configure:3888: result: arm-none-linux-gnueabi-gcc -E
configure:3908: arm-none-linux-gnueabi-gcc -E  conftest.c
configure:3908: $? = 0
configure:3922: arm-none-linux-gnueabi-gcc -E  conftest.c
conftest.c:9:28: fatal error: ac_nonexistent.h: No such file or directory
 #include <ac_nonexistent.h>
                            ^
compilation terminated.
configure:3922: $? = 1
configure: failed program was:
| /* confdefs.h */
| #define PACKAGE_NAME ""
| #define PACKAGE_TARNAME ""
| #define PACKAGE_VERSION ""
| #define PACKAGE_STRING ""
| #define PACKAGE_BUGREPORT ""
| #define PACKAGE_URL ""
| /* end confdefs.h.  */
| #include <ac_nonexistent.h>
configure:3951: checking for grep that handles long lines and -e
configure:4009: result: /bin/grep
configure:4014: checking for egrep
configure:4076: result: /bin/grep -E
configure:4082: checking whether arm-none-linux-gnueabi-gcc needs -traditional
configure:4116: result: no
configure:4137: checking for a BSD-compatible install
configure:4205: result: /usr/bin/install -c
configure:4216: checking whether ln -s works
configure:4220: result: yes
configure:4227: checking whether make sets $(MAKE)
configure:4249: result: yes
configure:4258: checking for a thread-safe mkdir -p
configure:4297: result: /bin/mkdir -p
configure:4303: checking for arm-none-linux-gnueabi-ranlib
configure:4319: found /home/kkangs/MentorGraphics/Sourcery_CodeBench_Lite_for_ARM_GNU_Linux/bin/arm-none-linux-gnueabi-ranlib
configure:4330: result: arm-none-linux-gnueabi-ranlib
configure:4394: checking for cflow
configure:4427: result: no
configure:4434: checking for cscope
configure:4467: result: no
configure:4477: checking for dirent.h that defines DIR
configure:4496: arm-none-linux-gnueabi-gcc -c   conftest.c >&5
configure:4496: $? = 0
configure:4504: result: yes
configure:4517: checking for library containing opendir
configure:4548: arm-none-linux-gnueabi-gcc -o conftest    conftest.c  >&5
configure:4548: $? = 0
configure:4565: result: none required
configure:4632: checking for ANSI C header files
configure:4652: arm-none-linux-gnueabi-gcc -c   conftest.c >&5
configure:4652: $? = 0
configure:4736: result: yes
configure:4749: checking for sys/types.h
configure:4749: arm-none-linux-gnueabi-gcc -c   conftest.c >&5
configure:4749: $? = 0
configure:4749: result: yes
configure:4749: checking for sys/stat.h
configure:4749: arm-none-linux-gnueabi-gcc -c   conftest.c >&5
configure:4749: $? = 0
configure:4749: result: yes
configure:4749: checking for stdlib.h
configure:4749: arm-none-linux-gnueabi-gcc -c   conftest.c >&5
configure:4749: $? = 0
configure:4749: result: yes
configure:4749: checking for string.h
configure:4749: arm-none-linux-gnueabi-gcc -c   conftest.c >&5
configure:4749: $? = 0
configure:4749: result: yes
configure:4749: checking for memory.h
configure:4749: arm-none-linux-gnueabi-gcc -c   conftest.c >&5
configure:4749: $? = 0
configure:4749: result: yes
configure:4749: checking for strings.h
configure:4749: arm-none-linux-gnueabi-gcc -c   conftest.c >&5
configure:4749: $? = 0
configure:4749: result: yes
configure:4749: checking for inttypes.h
configure:4749: arm-none-linux-gnueabi-gcc -c   conftest.c >&5
configure:4749: $? = 0
configure:4749: result: yes
configure:4749: checking for stdint.h
configure:4749: arm-none-linux-gnueabi-gcc -c   conftest.c >&5
configure:4749: $? = 0
configure:4749: result: yes
configure:4749: checking for unistd.h
configure:4749: arm-none-linux-gnueabi-gcc -c   conftest.c >&5
configure:4749: $? = 0
configure:4749: result: yes
configure:4761: checking whether sys/types.h defines makedev
configure:4777: arm-none-linux-gnueabi-gcc -o conftest    conftest.c  >&5
configure:4777: $? = 0
configure:4786: result: yes
configure:4811: checking for ANSI C header files
configure:4915: result: yes
configure:4923: checking for sys/wait.h that is POSIX.1 compatible
configure:4949: arm-none-linux-gnueabi-gcc -c   conftest.c >&5
configure:4949: $? = 0
configure:4956: result: yes
configure:4964: checking whether time.h and sys/time.h may both be included
configure:4984: arm-none-linux-gnueabi-gcc -c   conftest.c >&5
configure:4984: $? = 0
configure:4991: result: yes
configure:5005: checking locale.h usability
configure:5005: arm-none-linux-gnueabi-gcc -c   conftest.c >&5
configure:5005: $? = 0
configure:5005: result: yes
configure:5005: checking locale.h presence
configure:5005: arm-none-linux-gnueabi-gcc -E  conftest.c
configure:5005: $? = 0
configure:5005: result: yes
configure:5005: checking for locale.h
configure:5005: result: yes
configure:5005: checking stddef.h usability
configure:5005: arm-none-linux-gnueabi-gcc -c   conftest.c >&5
configure:5005: $? = 0
configure:5005: result: yes
configure:5005: checking stddef.h presence
configure:5005: arm-none-linux-gnueabi-gcc -E  conftest.c
configure:5005: $? = 0
configure:5005: result: yes
configure:5005: checking for stddef.h
configure:5005: result: yes
configure:5005: checking syslog.h usability
configure:5005: arm-none-linux-gnueabi-gcc -c   conftest.c >&5
configure:5005: $? = 0
configure:5005: result: yes
configure:5005: checking syslog.h presence
configure:5005: arm-none-linux-gnueabi-gcc -E  conftest.c
configure:5005: $? = 0
configure:5005: result: yes
configure:5005: checking for syslog.h
configure:5005: result: yes
configure:5005: checking sys/file.h usability
configure:5005: arm-none-linux-gnueabi-gcc -c   conftest.c >&5
configure:5005: $? = 0
configure:5005: result: yes
configure:5005: checking sys/file.h presence
configure:5005: arm-none-linux-gnueabi-gcc -E  conftest.c
configure:5005: $? = 0
configure:5005: result: yes
configure:5005: checking for sys/file.h
configure:5005: result: yes
configure:5005: checking sys/time.h usability
configure:5005: arm-none-linux-gnueabi-gcc -c   conftest.c >&5
configure:5005: $? = 0
configure:5005: result: yes
configure:5005: checking sys/time.h presence
configure:5005: arm-none-linux-gnueabi-gcc -E  conftest.c
configure:5005: $? = 0
configure:5005: result: yes
configure:5005: checking for sys/time.h
configure:5005: result: yes
configure:5005: checking assert.h usability
configure:5005: arm-none-linux-gnueabi-gcc -c   conftest.c >&5
configure:5005: $? = 0
configure:5005: result: yes
configure:5005: checking assert.h presence
configure:5005: arm-none-linux-gnueabi-gcc -E  conftest.c
configure:5005: $? = 0
configure:5005: result: yes
configure:5005: checking for assert.h
configure:5005: result: yes
configure:5005: checking langinfo.h usability
configure:5005: arm-none-linux-gnueabi-gcc -c   conftest.c >&5
configure:5005: $? = 0
configure:5005: result: yes
configure:5005: checking langinfo.h presence
configure:5005: arm-none-linux-gnueabi-gcc -E  conftest.c
configure:5005: $? = 0
configure:5005: result: yes
configure:5005: checking for langinfo.h
configure:5005: result: yes
configure:5005: checking libgen.h usability
configure:5005: arm-none-linux-gnueabi-gcc -c   conftest.c >&5
configure:5005: $? = 0
configure:5005: result: yes
configure:5005: checking libgen.h presence
configure:5005: arm-none-linux-gnueabi-gcc -E  conftest.c
configure:5005: $? = 0
configure:5005: result: yes
configure:5005: checking for libgen.h
configure:5005: result: yes
configure:5005: checking signal.h usability
configure:5005: arm-none-linux-gnueabi-gcc -c   conftest.c >&5
configure:5005: $? = 0
configure:5005: result: yes
configure:5005: checking signal.h presence
configure:5005: arm-none-linux-gnueabi-gcc -E  conftest.c
configure:5005: $? = 0
configure:5005: result: yes
configure:5005: checking for signal.h
configure:5005: result: yes
configure:5005: checking sys/mman.h usability
configure:5005: arm-none-linux-gnueabi-gcc -c   conftest.c >&5
configure:5005: $? = 0
configure:5005: result: yes
configure:5005: checking sys/mman.h presence
configure:5005: arm-none-linux-gnueabi-gcc -E  conftest.c
configure:5005: $? = 0
configure:5005: result: yes
configure:5005: checking for sys/mman.h
configure:5005: result: yes
configure:5005: checking sys/resource.h usability
configure:5005: arm-none-linux-gnueabi-gcc -c   conftest.c >&5
configure:5005: $? = 0
configure:5005: result: yes
configure:5005: checking sys/resource.h presence
configure:5005: arm-none-linux-gnueabi-gcc -E  conftest.c
configure:5005: $? = 0
configure:5005: result: yes
configure:5005: checking for sys/resource.h
configure:5005: result: yes
configure:5005: checking sys/utsname.h usability
configure:5005: arm-none-linux-gnueabi-gcc -c   conftest.c >&5
configure:5005: $? = 0
configure:5005: result: yes
configure:5005: checking sys/utsname.h presence
configure:5005: arm-none-linux-gnueabi-gcc -E  conftest.c
configure:5005: $? = 0
configure:5005: result: yes
configure:5005: checking for sys/utsname.h
configure:5005: result: yes
configure:5005: checking for sys/wait.h
configure:5005: result: yes
configure:5005: checking time.h usability
configure:5005: arm-none-linux-gnueabi-gcc -c   conftest.c >&5
configure:5005: $? = 0
configure:5005: result: yes
configure:5005: checking time.h presence
configure:5005: arm-none-linux-gnueabi-gcc -E  conftest.c
configure:5005: $? = 0
configure:5005: result: yes
configure:5005: checking for time.h
configure:5005: result: yes
configure:5023: checking asm/byteorder.h usability
configure:5023: arm-none-linux-gnueabi-gcc -c   conftest.c >&5
configure:5023: $? = 0
configure:5023: result: yes
configure:5023: checking asm/byteorder.h presence
configure:5023: arm-none-linux-gnueabi-gcc -E  conftest.c
configure:5023: $? = 0
configure:5023: result: yes
configure:5023: checking for asm/byteorder.h
configure:5023: result: yes
configure:5023: checking linux/fs.h usability
configure:5023: arm-none-linux-gnueabi-gcc -c   conftest.c >&5
configure:5023: $? = 0
configure:5023: result: yes
configure:5023: checking linux/fs.h presence
configure:5023: arm-none-linux-gnueabi-gcc -E  conftest.c
configure:5023: $? = 0
configure:5023: result: yes
configure:5023: checking for linux/fs.h
configure:5023: result: yes
configure:5023: checking malloc.h usability
configure:5023: arm-none-linux-gnueabi-gcc -c   conftest.c >&5
configure:5023: $? = 0
configure:5023: result: yes
configure:5023: checking malloc.h presence
configure:5023: arm-none-linux-gnueabi-gcc -E  conftest.c
configure:5023: $? = 0
configure:5023: result: yes
configure:5023: checking for malloc.h
configure:5023: result: yes
configure:5058: checking ctype.h usability
configure:5058: arm-none-linux-gnueabi-gcc -c   conftest.c >&5
configure:5058: $? = 0
configure:5058: result: yes
configure:5058: checking ctype.h presence
configure:5058: arm-none-linux-gnueabi-gcc -E  conftest.c
configure:5058: $? = 0
configure:5058: result: yes
configure:5058: checking for ctype.h
configure:5058: result: yes
configure:5058: checking dirent.h usability
configure:5058: arm-none-linux-gnueabi-gcc -c   conftest.c >&5
configure:5058: $? = 0
configure:5058: result: yes
configure:5058: checking dirent.h presence
configure:5058: arm-none-linux-gnueabi-gcc -E  conftest.c
configure:5058: $? = 0
configure:5058: result: yes
configure:5058: checking for dirent.h
configure:5058: result: yes
configure:5058: checking errno.h usability
configure:5058: arm-none-linux-gnueabi-gcc -c   conftest.c >&5
configure:5058: $? = 0
configure:5058: result: yes
configure:5058: checking errno.h presence
configure:5058: arm-none-linux-gnueabi-gcc -E  conftest.c
configure:5058: $? = 0
configure:5058: result: yes
configure:5058: checking for errno.h
configure:5058: result: yes
configure:5058: checking fcntl.h usability
configure:5058: arm-none-linux-gnueabi-gcc -c   conftest.c >&5
configure:5058: $? = 0
configure:5058: result: yes
configure:5058: checking fcntl.h presence
configure:5058: arm-none-linux-gnueabi-gcc -E  conftest.c
configure:5058: $? = 0
configure:5058: result: yes
configure:5058: checking for fcntl.h
configure:5058: result: yes
configure:5058: checking getopt.h usability
configure:5058: arm-none-linux-gnueabi-gcc -c   conftest.c >&5
configure:5058: $? = 0
configure:5058: result: yes
configure:5058: checking getopt.h presence
configure:5058: arm-none-linux-gnueabi-gcc -E  conftest.c
configure:5058: $? = 0
configure:5058: result: yes
configure:5058: checking for getopt.h
configure:5058: result: yes
configure:5058: checking for inttypes.h
configure:5058: result: yes
configure:5058: checking limits.h usability
configure:5058: arm-none-linux-gnueabi-gcc -c   conftest.c >&5
configure:5058: $? = 0
configure:5058: result: yes
configure:5058: checking limits.h presence
configure:5058: arm-none-linux-gnueabi-gcc -E  conftest.c
configure:5058: $? = 0
configure:5058: result: yes
configure:5058: checking for limits.h
configure:5058: result: yes
configure:5058: checking stdarg.h usability
configure:5058: arm-none-linux-gnueabi-gcc -c   conftest.c >&5
configure:5058: $? = 0
configure:5058: result: yes
configure:5058: checking stdarg.h presence
configure:5058: arm-none-linux-gnueabi-gcc -E  conftest.c
configure:5058: $? = 0
configure:5058: result: yes
configure:5058: checking for stdarg.h
configure:5058: result: yes
configure:5058: checking stdio.h usability
configure:5058: arm-none-linux-gnueabi-gcc -c   conftest.c >&5
configure:5058: $? = 0
configure:5058: result: yes
configure:5058: checking stdio.h presence
configure:5058: arm-none-linux-gnueabi-gcc -E  conftest.c
configure:5058: $? = 0
configure:5058: result: yes
configure:5058: checking for stdio.h
configure:5058: result: yes
configure:5058: checking for stdlib.h
configure:5058: result: yes
configure:5058: checking for string.h
configure:5058: result: yes
configure:5058: checking sys/ioctl.h usability
configure:5058: arm-none-linux-gnueabi-gcc -c   conftest.c >&5
configure:5058: $? = 0
configure:5058: result: yes
configure:5058: checking sys/ioctl.h presence
configure:5058: arm-none-linux-gnueabi-gcc -E  conftest.c
configure:5058: $? = 0
configure:5058: result: yes
configure:5058: checking for sys/ioctl.h
configure:5058: result: yes
configure:5058: checking sys/param.h usability
configure:5058: arm-none-linux-gnueabi-gcc -c   conftest.c >&5
configure:5058: $? = 0
configure:5058: result: yes
configure:5058: checking sys/param.h presence
configure:5058: arm-none-linux-gnueabi-gcc -E  conftest.c
configure:5058: $? = 0
configure:5058: result: yes
configure:5058: checking for sys/param.h
configure:5058: result: yes
configure:5058: checking for sys/stat.h
configure:5058: result: yes
configure:5058: checking for sys/types.h
configure:5058: result: yes
configure:5058: checking for unistd.h
configure:5058: result: yes
configure:5073: checking termios.h usability
configure:5073: arm-none-linux-gnueabi-gcc -c   conftest.c >&5
configure:5073: $? = 0
configure:5073: result: yes
configure:5073: checking termios.h presence
configure:5073: arm-none-linux-gnueabi-gcc -E  conftest.c
configure:5073: $? = 0
configure:5073: result: yes
configure:5073: checking for termios.h
configure:5073: result: yes
configure:5073: checking sys/statvfs.h usability
configure:5073: arm-none-linux-gnueabi-gcc -c   conftest.c >&5
configure:5073: $? = 0
configure:5073: result: yes
configure:5073: checking sys/statvfs.h presence
configure:5073: arm-none-linux-gnueabi-gcc -E  conftest.c
configure:5073: $? = 0
configure:5073: result: yes
configure:5073: checking for sys/statvfs.h
configure:5073: result: yes
configure:5085: checking for an ANSI C-conforming const
configure:5150: arm-none-linux-gnueabi-gcc -c   conftest.c >&5
configure:5150: $? = 0
configure:5157: result: yes
configure:5165: checking for inline
configure:5181: arm-none-linux-gnueabi-gcc -c   conftest.c >&5
configure:5181: $? = 0
configure:5189: result: inline
configure:5207: checking for struct stat.st_rdev
configure:5207: arm-none-linux-gnueabi-gcc -c   conftest.c >&5
configure:5207: $? = 0
configure:5207: result: yes
configure:5217: checking for off_t
configure:5217: arm-none-linux-gnueabi-gcc -c   conftest.c >&5
configure:5217: $? = 0
configure:5217: arm-none-linux-gnueabi-gcc -c   conftest.c >&5
conftest.c: In function 'main':
conftest.c:95:20: error: expected expression before ')' token
 if (sizeof ((off_t)))
                    ^
configure:5217: $? = 1
configure: failed program was:
| /* confdefs.h */
| #define PACKAGE_NAME ""
| #define PACKAGE_TARNAME ""
| #define PACKAGE_VERSION ""
| #define PACKAGE_STRING ""
| #define PACKAGE_BUGREPORT ""
| #define PACKAGE_URL ""
| #define HAVE_DIRENT_H 1
| #define STDC_HEADERS 1
| #define HAVE_SYS_TYPES_H 1
| #define HAVE_SYS_STAT_H 1
| #define HAVE_STDLIB_H 1
| #define HAVE_STRING_H 1
| #define HAVE_MEMORY_H 1
| #define HAVE_STRINGS_H 1
| #define HAVE_INTTYPES_H 1
| #define HAVE_STDINT_H 1
| #define HAVE_UNISTD_H 1
| #define STDC_HEADERS 1
| #define HAVE_SYS_WAIT_H 1
| #define TIME_WITH_SYS_TIME 1
| #define HAVE_LOCALE_H 1
| #define HAVE_STDDEF_H 1
| #define HAVE_SYSLOG_H 1
| #define HAVE_SYS_FILE_H 1
| #define HAVE_SYS_TIME_H 1
| #define HAVE_ASSERT_H 1
| #define HAVE_LANGINFO_H 1
| #define HAVE_LIBGEN_H 1
| #define HAVE_SIGNAL_H 1
| #define HAVE_SYS_MMAN_H 1
| #define HAVE_SYS_RESOURCE_H 1
| #define HAVE_SYS_UTSNAME_H 1
| #define HAVE_SYS_WAIT_H 1
| #define HAVE_TIME_H 1
| #define HAVE_ASM_BYTEORDER_H 1
| #define HAVE_LINUX_FS_H 1
| #define HAVE_MALLOC_H 1
| #define HAVE_CTYPE_H 1
| #define HAVE_DIRENT_H 1
| #define HAVE_ERRNO_H 1
| #define HAVE_FCNTL_H 1
| #define HAVE_GETOPT_H 1
| #define HAVE_INTTYPES_H 1
| #define HAVE_LIMITS_H 1
| #define HAVE_STDARG_H 1
| #define HAVE_STDIO_H 1
| #define HAVE_STDLIB_H 1
| #define HAVE_STRING_H 1
| #define HAVE_SYS_IOCTL_H 1
| #define HAVE_SYS_PARAM_H 1
| #define HAVE_SYS_STAT_H 1
| #define HAVE_SYS_TYPES_H 1
| #define HAVE_UNISTD_H 1
| #define HAVE_TERMIOS_H 1
| #define HAVE_SYS_STATVFS_H 1
| #define HAVE_STRUCT_STAT_ST_RDEV 1
| /* end confdefs.h.  */
| #include <stdio.h>
| #ifdef HAVE_SYS_TYPES_H
| # include <sys/types.h>
| #endif
| #ifdef HAVE_SYS_STAT_H
| # include <sys/stat.h>
| #endif
| #ifdef STDC_HEADERS
| # include <stdlib.h>
| # include <stddef.h>
| #else
| # ifdef HAVE_STDLIB_H
| #  include <stdlib.h>
| # endif
| #endif
| #ifdef HAVE_STRING_H
| # if !defined STDC_HEADERS && defined HAVE_MEMORY_H
| #  include <memory.h>
| # endif
| # include <string.h>
| #endif
| #ifdef HAVE_STRINGS_H
| # include <strings.h>
| #endif
| #ifdef HAVE_INTTYPES_H
| # include <inttypes.h>
| #endif
| #ifdef HAVE_STDINT_H
| # include <stdint.h>
| #endif
| #ifdef HAVE_UNISTD_H
| # include <unistd.h>
| #endif
| int
| main ()
| {
| if (sizeof ((off_t)))
| 	    return 0;
|   ;
|   return 0;
| }
configure:5217: result: yes
configure:5228: checking for pid_t
configure:5228: arm-none-linux-gnueabi-gcc -c   conftest.c >&5
configure:5228: $? = 0
configure:5228: arm-none-linux-gnueabi-gcc -c   conftest.c >&5
conftest.c: In function 'main':
conftest.c:95:20: error: expected expression before ')' token
 if (sizeof ((pid_t)))
                    ^
configure:5228: $? = 1
configure: failed program was:
| /* confdefs.h */
| #define PACKAGE_NAME ""
| #define PACKAGE_TARNAME ""
| #define PACKAGE_VERSION ""
| #define PACKAGE_STRING ""
| #define PACKAGE_BUGREPORT ""
| #define PACKAGE_URL ""
| #define HAVE_DIRENT_H 1
| #define STDC_HEADERS 1
| #define HAVE_SYS_TYPES_H 1
| #define HAVE_SYS_STAT_H 1
| #define HAVE_STDLIB_H 1
| #define HAVE_STRING_H 1
| #define HAVE_MEMORY_H 1
| #define HAVE_STRINGS_H 1
| #define HAVE_INTTYPES_H 1
| #define HAVE_STDINT_H 1
| #define HAVE_UNISTD_H 1
| #define STDC_HEADERS 1
| #define HAVE_SYS_WAIT_H 1
| #define TIME_WITH_SYS_TIME 1
| #define HAVE_LOCALE_H 1
| #define HAVE_STDDEF_H 1
| #define HAVE_SYSLOG_H 1
| #define HAVE_SYS_FILE_H 1
| #define HAVE_SYS_TIME_H 1
| #define HAVE_ASSERT_H 1
| #define HAVE_LANGINFO_H 1
| #define HAVE_LIBGEN_H 1
| #define HAVE_SIGNAL_H 1
| #define HAVE_SYS_MMAN_H 1
| #define HAVE_SYS_RESOURCE_H 1
| #define HAVE_SYS_UTSNAME_H 1
| #define HAVE_SYS_WAIT_H 1
| #define HAVE_TIME_H 1
| #define HAVE_ASM_BYTEORDER_H 1
| #define HAVE_LINUX_FS_H 1
| #define HAVE_MALLOC_H 1
| #define HAVE_CTYPE_H 1
| #define HAVE_DIRENT_H 1
| #define HAVE_ERRNO_H 1
| #define HAVE_FCNTL_H 1
| #define HAVE_GETOPT_H 1
| #define HAVE_INTTYPES_H 1
| #define HAVE_LIMITS_H 1
| #define HAVE_STDARG_H 1
| #define HAVE_STDIO_H 1
| #define HAVE_STDLIB_H 1
| #define HAVE_STRING_H 1
| #define HAVE_SYS_IOCTL_H 1
| #define HAVE_SYS_PARAM_H 1
| #define HAVE_SYS_STAT_H 1
| #define HAVE_SYS_TYPES_H 1
| #define HAVE_UNISTD_H 1
| #define HAVE_TERMIOS_H 1
| #define HAVE_SYS_STATVFS_H 1
| #define HAVE_STRUCT_STAT_ST_RDEV 1
| /* end confdefs.h.  */
| #include <stdio.h>
| #ifdef HAVE_SYS_TYPES_H
| # include <sys/types.h>
| #endif
| #ifdef HAVE_SYS_STAT_H
| # include <sys/stat.h>
| #endif
| #ifdef STDC_HEADERS
| # include <stdlib.h>
| # include <stddef.h>
| #else
| # ifdef HAVE_STDLIB_H
| #  include <stdlib.h>
| # endif
| #endif
| #ifdef HAVE_STRING_H
| # if !defined STDC_HEADERS && defined HAVE_MEMORY_H
| #  include <memory.h>
| # endif
| # include <string.h>
| #endif
| #ifdef HAVE_STRINGS_H
| # include <strings.h>
| #endif
| #ifdef HAVE_INTTYPES_H
| # include <inttypes.h>
| #endif
| #ifdef HAVE_STDINT_H
| # include <stdint.h>
| #endif
| #ifdef HAVE_UNISTD_H
| # include <unistd.h>
| #endif
| int
| main ()
| {
| if (sizeof ((pid_t)))
| 	    return 0;
|   ;
|   return 0;
| }
configure:5228: result: yes
configure:5239: checking return type of signal handlers
configure:5257: arm-none-linux-gnueabi-gcc -c   conftest.c >&5
conftest.c: In function 'main':
conftest.c:65:1: error: void value not ignored as it ought to be
 return *(signal (0, 0)) (0) == 1;
 ^
configure:5257: $? = 1
configure: failed program was:
| /* confdefs.h */
| #define PACKAGE_NAME ""
| #define PACKAGE_TARNAME ""
| #define PACKAGE_VERSION ""
| #define PACKAGE_STRING ""
| #define PACKAGE_BUGREPORT ""
| #define PACKAGE_URL ""
| #define HAVE_DIRENT_H 1
| #define STDC_HEADERS 1
| #define HAVE_SYS_TYPES_H 1
| #define HAVE_SYS_STAT_H 1
| #define HAVE_STDLIB_H 1
| #define HAVE_STRING_H 1
| #define HAVE_MEMORY_H 1
| #define HAVE_STRINGS_H 1
| #define HAVE_INTTYPES_H 1
| #define HAVE_STDINT_H 1
| #define HAVE_UNISTD_H 1
| #define STDC_HEADERS 1
| #define HAVE_SYS_WAIT_H 1
| #define TIME_WITH_SYS_TIME 1
| #define HAVE_LOCALE_H 1
| #define HAVE_STDDEF_H 1
| #define HAVE_SYSLOG_H 1
| #define HAVE_SYS_FILE_H 1
| #define HAVE_SYS_TIME_H 1
| #define HAVE_ASSERT_H 1
| #define HAVE_LANGINFO_H 1
| #define HAVE_LIBGEN_H 1
| #define HAVE_SIGNAL_H 1
| #define HAVE_SYS_MMAN_H 1
| #define HAVE_SYS_RESOURCE_H 1
| #define HAVE_SYS_UTSNAME_H 1
| #define HAVE_SYS_WAIT_H 1
| #define HAVE_TIME_H 1
| #define HAVE_ASM_BYTEORDER_H 1
| #define HAVE_LINUX_FS_H 1
| #define HAVE_MALLOC_H 1
| #define HAVE_CTYPE_H 1
| #define HAVE_DIRENT_H 1
| #define HAVE_ERRNO_H 1
| #define HAVE_FCNTL_H 1
| #define HAVE_GETOPT_H 1
| #define HAVE_INTTYPES_H 1
| #define HAVE_LIMITS_H 1
| #define HAVE_STDARG_H 1
| #define HAVE_STDIO_H 1
| #define HAVE_STDLIB_H 1
| #define HAVE_STRING_H 1
| #define HAVE_SYS_IOCTL_H 1
| #define HAVE_SYS_PARAM_H 1
| #define HAVE_SYS_STAT_H 1
| #define HAVE_SYS_TYPES_H 1
| #define HAVE_UNISTD_H 1
| #define HAVE_TERMIOS_H 1
| #define HAVE_SYS_STATVFS_H 1
| #define HAVE_STRUCT_STAT_ST_RDEV 1
| /* end confdefs.h.  */
| #include <sys/types.h>
| #include <signal.h>
| 
| int
| main ()
| {
| return *(signal (0, 0)) (0) == 1;
|   ;
|   return 0;
| }
configure:5264: result: void
configure:5272: checking for size_t
configure:5272: arm-none-linux-gnueabi-gcc -c   conftest.c >&5
configure:5272: $? = 0
configure:5272: arm-none-linux-gnueabi-gcc -c   conftest.c >&5
conftest.c: In function 'main':
conftest.c:96:21: error: expected expression before ')' token
 if (sizeof ((size_t)))
                     ^
configure:5272: $? = 1
configure: failed program was:
| /* confdefs.h */
| #define PACKAGE_NAME ""
| #define PACKAGE_TARNAME ""
| #define PACKAGE_VERSION ""
| #define PACKAGE_STRING ""
| #define PACKAGE_BUGREPORT ""
| #define PACKAGE_URL ""
| #define HAVE_DIRENT_H 1
| #define STDC_HEADERS 1
| #define HAVE_SYS_TYPES_H 1
| #define HAVE_SYS_STAT_H 1
| #define HAVE_STDLIB_H 1
| #define HAVE_STRING_H 1
| #define HAVE_MEMORY_H 1
| #define HAVE_STRINGS_H 1
| #define HAVE_INTTYPES_H 1
| #define HAVE_STDINT_H 1
| #define HAVE_UNISTD_H 1
| #define STDC_HEADERS 1
| #define HAVE_SYS_WAIT_H 1
| #define TIME_WITH_SYS_TIME 1
| #define HAVE_LOCALE_H 1
| #define HAVE_STDDEF_H 1
| #define HAVE_SYSLOG_H 1
| #define HAVE_SYS_FILE_H 1
| #define HAVE_SYS_TIME_H 1
| #define HAVE_ASSERT_H 1
| #define HAVE_LANGINFO_H 1
| #define HAVE_LIBGEN_H 1
| #define HAVE_SIGNAL_H 1
| #define HAVE_SYS_MMAN_H 1
| #define HAVE_SYS_RESOURCE_H 1
| #define HAVE_SYS_UTSNAME_H 1
| #define HAVE_SYS_WAIT_H 1
| #define HAVE_TIME_H 1
| #define HAVE_ASM_BYTEORDER_H 1
| #define HAVE_LINUX_FS_H 1
| #define HAVE_MALLOC_H 1
| #define HAVE_CTYPE_H 1
| #define HAVE_DIRENT_H 1
| #define HAVE_ERRNO_H 1
| #define HAVE_FCNTL_H 1
| #define HAVE_GETOPT_H 1
| #define HAVE_INTTYPES_H 1
| #define HAVE_LIMITS_H 1
| #define HAVE_STDARG_H 1
| #define HAVE_STDIO_H 1
| #define HAVE_STDLIB_H 1
| #define HAVE_STRING_H 1
| #define HAVE_SYS_IOCTL_H 1
| #define HAVE_SYS_PARAM_H 1
| #define HAVE_SYS_STAT_H 1
| #define HAVE_SYS_TYPES_H 1
| #define HAVE_UNISTD_H 1
| #define HAVE_TERMIOS_H 1
| #define HAVE_SYS_STATVFS_H 1
| #define HAVE_STRUCT_STAT_ST_RDEV 1
| #define RETSIGTYPE void
| /* end confdefs.h.  */
| #include <stdio.h>
| #ifdef HAVE_SYS_TYPES_H
| # include <sys/types.h>
| #endif
| #ifdef HAVE_SYS_STAT_H
| # include <sys/stat.h>
| #endif
| #ifdef STDC_HEADERS
| # include <stdlib.h>
| # include <stddef.h>
| #else
| # ifdef HAVE_STDLIB_H
| #  include <stdlib.h>
| # endif
| #endif
| #ifdef HAVE_STRING_H
| # if !defined STDC_HEADERS && defined HAVE_MEMORY_H
| #  include <memory.h>
| # endif
| # include <string.h>
| #endif
| #ifdef HAVE_STRINGS_H
| # include <strings.h>
| #endif
| #ifdef HAVE_INTTYPES_H
| # include <inttypes.h>
| #endif
| #ifdef HAVE_STDINT_H
| # include <stdint.h>
| #endif
| #ifdef HAVE_UNISTD_H
| # include <unistd.h>
| #endif
| int
| main ()
| {
| if (sizeof ((size_t)))
| 	    return 0;
|   ;
|   return 0;
| }
configure:5272: result: yes
configure:5283: checking for mode_t
configure:5283: arm-none-linux-gnueabi-gcc -c   conftest.c >&5
configure:5283: $? = 0
configure:5283: arm-none-linux-gnueabi-gcc -c   conftest.c >&5
conftest.c: In function 'main':
conftest.c:96:21: error: expected expression before ')' token
 if (sizeof ((mode_t)))
                     ^
configure:5283: $? = 1
configure: failed program was:
| /* confdefs.h */
| #define PACKAGE_NAME ""
| #define PACKAGE_TARNAME ""
| #define PACKAGE_VERSION ""
| #define PACKAGE_STRING ""
| #define PACKAGE_BUGREPORT ""
| #define PACKAGE_URL ""
| #define HAVE_DIRENT_H 1
| #define STDC_HEADERS 1
| #define HAVE_SYS_TYPES_H 1
| #define HAVE_SYS_STAT_H 1
| #define HAVE_STDLIB_H 1
| #define HAVE_STRING_H 1
| #define HAVE_MEMORY_H 1
| #define HAVE_STRINGS_H 1
| #define HAVE_INTTYPES_H 1
| #define HAVE_STDINT_H 1
| #define HAVE_UNISTD_H 1
| #define STDC_HEADERS 1
| #define HAVE_SYS_WAIT_H 1
| #define TIME_WITH_SYS_TIME 1
| #define HAVE_LOCALE_H 1
| #define HAVE_STDDEF_H 1
| #define HAVE_SYSLOG_H 1
| #define HAVE_SYS_FILE_H 1
| #define HAVE_SYS_TIME_H 1
| #define HAVE_ASSERT_H 1
| #define HAVE_LANGINFO_H 1
| #define HAVE_LIBGEN_H 1
| #define HAVE_SIGNAL_H 1
| #define HAVE_SYS_MMAN_H 1
| #define HAVE_SYS_RESOURCE_H 1
| #define HAVE_SYS_UTSNAME_H 1
| #define HAVE_SYS_WAIT_H 1
| #define HAVE_TIME_H 1
| #define HAVE_ASM_BYTEORDER_H 1
| #define HAVE_LINUX_FS_H 1
| #define HAVE_MALLOC_H 1
| #define HAVE_CTYPE_H 1
| #define HAVE_DIRENT_H 1
| #define HAVE_ERRNO_H 1
| #define HAVE_FCNTL_H 1
| #define HAVE_GETOPT_H 1
| #define HAVE_INTTYPES_H 1
| #define HAVE_LIMITS_H 1
| #define HAVE_STDARG_H 1
| #define HAVE_STDIO_H 1
| #define HAVE_STDLIB_H 1
| #define HAVE_STRING_H 1
| #define HAVE_SYS_IOCTL_H 1
| #define HAVE_SYS_PARAM_H 1
| #define HAVE_SYS_STAT_H 1
| #define HAVE_SYS_TYPES_H 1
| #define HAVE_UNISTD_H 1
| #define HAVE_TERMIOS_H 1
| #define HAVE_SYS_STATVFS_H 1
| #define HAVE_STRUCT_STAT_ST_RDEV 1
| #define RETSIGTYPE void
| /* end confdefs.h.  */
| #include <stdio.h>
| #ifdef HAVE_SYS_TYPES_H
| # include <sys/types.h>
| #endif
| #ifdef HAVE_SYS_STAT_H
| # include <sys/stat.h>
| #endif
| #ifdef STDC_HEADERS
| # include <stdlib.h>
| # include <stddef.h>
| #else
| # ifdef HAVE_STDLIB_H
| #  include <stdlib.h>
| # endif
| #endif
| #ifdef HAVE_STRING_H
| # if !defined STDC_HEADERS && defined HAVE_MEMORY_H
| #  include <memory.h>
| # endif
| # include <string.h>
| #endif
| #ifdef HAVE_STRINGS_H
| # include <strings.h>
| #endif
| #ifdef HAVE_INTTYPES_H
| # include <inttypes.h>
| #endif
| #ifdef HAVE_STDINT_H
| # include <stdint.h>
| #endif
| #ifdef HAVE_UNISTD_H
| # include <unistd.h>
| #endif
| int
| main ()
| {
| if (sizeof ((mode_t)))
| 	    return 0;
|   ;
|   return 0;
| }
configure:5283: result: yes
configure:5294: checking for int8_t
configure:5294: arm-none-linux-gnueabi-gcc -c   conftest.c >&5
configure:5294: $? = 0
configure:5294: arm-none-linux-gnueabi-gcc -c   conftest.c >&5
conftest.c: In function 'main':
conftest.c:97:12: error: size of array 'test_array' is negative
 static int test_array [1 - 2 * !((int8_t) (((((int8_t) 1 << N) << N) - 1) * 2 + 1)
            ^
configure:5294: $? = 1
configure: failed program was:
| /* confdefs.h */
| #define PACKAGE_NAME ""
| #define PACKAGE_TARNAME ""
| #define PACKAGE_VERSION ""
| #define PACKAGE_STRING ""
| #define PACKAGE_BUGREPORT ""
| #define PACKAGE_URL ""
| #define HAVE_DIRENT_H 1
| #define STDC_HEADERS 1
| #define HAVE_SYS_TYPES_H 1
| #define HAVE_SYS_STAT_H 1
| #define HAVE_STDLIB_H 1
| #define HAVE_STRING_H 1
| #define HAVE_MEMORY_H 1
| #define HAVE_STRINGS_H 1
| #define HAVE_INTTYPES_H 1
| #define HAVE_STDINT_H 1
| #define HAVE_UNISTD_H 1
| #define STDC_HEADERS 1
| #define HAVE_SYS_WAIT_H 1
| #define TIME_WITH_SYS_TIME 1
| #define HAVE_LOCALE_H 1
| #define HAVE_STDDEF_H 1
| #define HAVE_SYSLOG_H 1
| #define HAVE_SYS_FILE_H 1
| #define HAVE_SYS_TIME_H 1
| #define HAVE_ASSERT_H 1
| #define HAVE_LANGINFO_H 1
| #define HAVE_LIBGEN_H 1
| #define HAVE_SIGNAL_H 1
| #define HAVE_SYS_MMAN_H 1
| #define HAVE_SYS_RESOURCE_H 1
| #define HAVE_SYS_UTSNAME_H 1
| #define HAVE_SYS_WAIT_H 1
| #define HAVE_TIME_H 1
| #define HAVE_ASM_BYTEORDER_H 1
| #define HAVE_LINUX_FS_H 1
| #define HAVE_MALLOC_H 1
| #define HAVE_CTYPE_H 1
| #define HAVE_DIRENT_H 1
| #define HAVE_ERRNO_H 1
| #define HAVE_FCNTL_H 1
| #define HAVE_GETOPT_H 1
| #define HAVE_INTTYPES_H 1
| #define HAVE_LIMITS_H 1
| #define HAVE_STDARG_H 1
| #define HAVE_STDIO_H 1
| #define HAVE_STDLIB_H 1
| #define HAVE_STRING_H 1
| #define HAVE_SYS_IOCTL_H 1
| #define HAVE_SYS_PARAM_H 1
| #define HAVE_SYS_STAT_H 1
| #define HAVE_SYS_TYPES_H 1
| #define HAVE_UNISTD_H 1
| #define HAVE_TERMIOS_H 1
| #define HAVE_SYS_STATVFS_H 1
| #define HAVE_STRUCT_STAT_ST_RDEV 1
| #define RETSIGTYPE void
| /* end confdefs.h.  */
| #include <stdio.h>
| #ifdef HAVE_SYS_TYPES_H
| # include <sys/types.h>
| #endif
| #ifdef HAVE_SYS_STAT_H
| # include <sys/stat.h>
| #endif
| #ifdef STDC_HEADERS
| # include <stdlib.h>
| # include <stddef.h>
| #else
| # ifdef HAVE_STDLIB_H
| #  include <stdlib.h>
| # endif
| #endif
| #ifdef HAVE_STRING_H
| # if !defined STDC_HEADERS && defined HAVE_MEMORY_H
| #  include <memory.h>
| # endif
| # include <string.h>
| #endif
| #ifdef HAVE_STRINGS_H
| # include <strings.h>
| #endif
| #ifdef HAVE_INTTYPES_H
| # include <inttypes.h>
| #endif
| #ifdef HAVE_STDINT_H
| # include <stdint.h>
| #endif
| #ifdef HAVE_UNISTD_H
| # include <unistd.h>
| #endif
| 	        enum { N = 8 / 2 - 1 };
| int
| main ()
| {
| static int test_array [1 - 2 * !((int8_t) (((((int8_t) 1 << N) << N) - 1) * 2 + 1)
| 		 < (int8_t) (((((int8_t) 1 << N) << N) - 1) * 2 + 2))];
| test_array [0] = 0
| 
|   ;
|   return 0;
| }
configure:5294: result: yes
configure:5305: checking for int16_t
configure:5305: arm-none-linux-gnueabi-gcc -c   conftest.c >&5
configure:5305: $? = 0
configure:5305: arm-none-linux-gnueabi-gcc -c   conftest.c >&5
conftest.c: In function 'main':
conftest.c:97:12: error: size of array 'test_array' is negative
 static int test_array [1 - 2 * !((int16_t) (((((int16_t) 1 << N) << N) - 1) * 2 + 1)
            ^
configure:5305: $? = 1
configure: failed program was:
| /* confdefs.h */
| #define PACKAGE_NAME ""
| #define PACKAGE_TARNAME ""
| #define PACKAGE_VERSION ""
| #define PACKAGE_STRING ""
| #define PACKAGE_BUGREPORT ""
| #define PACKAGE_URL ""
| #define HAVE_DIRENT_H 1
| #define STDC_HEADERS 1
| #define HAVE_SYS_TYPES_H 1
| #define HAVE_SYS_STAT_H 1
| #define HAVE_STDLIB_H 1
| #define HAVE_STRING_H 1
| #define HAVE_MEMORY_H 1
| #define HAVE_STRINGS_H 1
| #define HAVE_INTTYPES_H 1
| #define HAVE_STDINT_H 1
| #define HAVE_UNISTD_H 1
| #define STDC_HEADERS 1
| #define HAVE_SYS_WAIT_H 1
| #define TIME_WITH_SYS_TIME 1
| #define HAVE_LOCALE_H 1
| #define HAVE_STDDEF_H 1
| #define HAVE_SYSLOG_H 1
| #define HAVE_SYS_FILE_H 1
| #define HAVE_SYS_TIME_H 1
| #define HAVE_ASSERT_H 1
| #define HAVE_LANGINFO_H 1
| #define HAVE_LIBGEN_H 1
| #define HAVE_SIGNAL_H 1
| #define HAVE_SYS_MMAN_H 1
| #define HAVE_SYS_RESOURCE_H 1
| #define HAVE_SYS_UTSNAME_H 1
| #define HAVE_SYS_WAIT_H 1
| #define HAVE_TIME_H 1
| #define HAVE_ASM_BYTEORDER_H 1
| #define HAVE_LINUX_FS_H 1
| #define HAVE_MALLOC_H 1
| #define HAVE_CTYPE_H 1
| #define HAVE_DIRENT_H 1
| #define HAVE_ERRNO_H 1
| #define HAVE_FCNTL_H 1
| #define HAVE_GETOPT_H 1
| #define HAVE_INTTYPES_H 1
| #define HAVE_LIMITS_H 1
| #define HAVE_STDARG_H 1
| #define HAVE_STDIO_H 1
| #define HAVE_STDLIB_H 1
| #define HAVE_STRING_H 1
| #define HAVE_SYS_IOCTL_H 1
| #define HAVE_SYS_PARAM_H 1
| #define HAVE_SYS_STAT_H 1
| #define HAVE_SYS_TYPES_H 1
| #define HAVE_UNISTD_H 1
| #define HAVE_TERMIOS_H 1
| #define HAVE_SYS_STATVFS_H 1
| #define HAVE_STRUCT_STAT_ST_RDEV 1
| #define RETSIGTYPE void
| /* end confdefs.h.  */
| #include <stdio.h>
| #ifdef HAVE_SYS_TYPES_H
| # include <sys/types.h>
| #endif
| #ifdef HAVE_SYS_STAT_H
| # include <sys/stat.h>
| #endif
| #ifdef STDC_HEADERS
| # include <stdlib.h>
| # include <stddef.h>
| #else
| # ifdef HAVE_STDLIB_H
| #  include <stdlib.h>
| # endif
| #endif
| #ifdef HAVE_STRING_H
| # if !defined STDC_HEADERS && defined HAVE_MEMORY_H
| #  include <memory.h>
| # endif
| # include <string.h>
| #endif
| #ifdef HAVE_STRINGS_H
| # include <strings.h>
| #endif
| #ifdef HAVE_INTTYPES_H
| # include <inttypes.h>
| #endif
| #ifdef HAVE_STDINT_H
| # include <stdint.h>
| #endif
| #ifdef HAVE_UNISTD_H
| # include <unistd.h>
| #endif
| 	        enum { N = 16 / 2 - 1 };
| int
| main ()
| {
| static int test_array [1 - 2 * !((int16_t) (((((int16_t) 1 << N) << N) - 1) * 2 + 1)
| 		 < (int16_t) (((((int16_t) 1 << N) << N) - 1) * 2 + 2))];
| test_array [0] = 0
| 
|   ;
|   return 0;
| }
configure:5305: result: yes
configure:5316: checking for int32_t
configure:5316: arm-none-linux-gnueabi-gcc -c   conftest.c >&5
configure:5316: $? = 0
configure:5316: arm-none-linux-gnueabi-gcc -c   conftest.c >&5
conftest.c: In function 'main':
conftest.c:98:53: warning: integer overflow in expression [-Woverflow]
    < (int32_t) (((((int32_t) 1 << N) << N) - 1) * 2 + 2))];
                                                     ^
conftest.c:97:12: error: storage size of 'test_array' isn't constant
 static int test_array [1 - 2 * !((int32_t) (((((int32_t) 1 << N) << N) - 1) * 2 + 1)
            ^
configure:5316: $? = 1
configure: failed program was:
| /* confdefs.h */
| #define PACKAGE_NAME ""
| #define PACKAGE_TARNAME ""
| #define PACKAGE_VERSION ""
| #define PACKAGE_STRING ""
| #define PACKAGE_BUGREPORT ""
| #define PACKAGE_URL ""
| #define HAVE_DIRENT_H 1
| #define STDC_HEADERS 1
| #define HAVE_SYS_TYPES_H 1
| #define HAVE_SYS_STAT_H 1
| #define HAVE_STDLIB_H 1
| #define HAVE_STRING_H 1
| #define HAVE_MEMORY_H 1
| #define HAVE_STRINGS_H 1
| #define HAVE_INTTYPES_H 1
| #define HAVE_STDINT_H 1
| #define HAVE_UNISTD_H 1
| #define STDC_HEADERS 1
| #define HAVE_SYS_WAIT_H 1
| #define TIME_WITH_SYS_TIME 1
| #define HAVE_LOCALE_H 1
| #define HAVE_STDDEF_H 1
| #define HAVE_SYSLOG_H 1
| #define HAVE_SYS_FILE_H 1
| #define HAVE_SYS_TIME_H 1
| #define HAVE_ASSERT_H 1
| #define HAVE_LANGINFO_H 1
| #define HAVE_LIBGEN_H 1
| #define HAVE_SIGNAL_H 1
| #define HAVE_SYS_MMAN_H 1
| #define HAVE_SYS_RESOURCE_H 1
| #define HAVE_SYS_UTSNAME_H 1
| #define HAVE_SYS_WAIT_H 1
| #define HAVE_TIME_H 1
| #define HAVE_ASM_BYTEORDER_H 1
| #define HAVE_LINUX_FS_H 1
| #define HAVE_MALLOC_H 1
| #define HAVE_CTYPE_H 1
| #define HAVE_DIRENT_H 1
| #define HAVE_ERRNO_H 1
| #define HAVE_FCNTL_H 1
| #define HAVE_GETOPT_H 1
| #define HAVE_INTTYPES_H 1
| #define HAVE_LIMITS_H 1
| #define HAVE_STDARG_H 1
| #define HAVE_STDIO_H 1
| #define HAVE_STDLIB_H 1
| #define HAVE_STRING_H 1
| #define HAVE_SYS_IOCTL_H 1
| #define HAVE_SYS_PARAM_H 1
| #define HAVE_SYS_STAT_H 1
| #define HAVE_SYS_TYPES_H 1
| #define HAVE_UNISTD_H 1
| #define HAVE_TERMIOS_H 1
| #define HAVE_SYS_STATVFS_H 1
| #define HAVE_STRUCT_STAT_ST_RDEV 1
| #define RETSIGTYPE void
| /* end confdefs.h.  */
| #include <stdio.h>
| #ifdef HAVE_SYS_TYPES_H
| # include <sys/types.h>
| #endif
| #ifdef HAVE_SYS_STAT_H
| # include <sys/stat.h>
| #endif
| #ifdef STDC_HEADERS
| # include <stdlib.h>
| # include <stddef.h>
| #else
| # ifdef HAVE_STDLIB_H
| #  include <stdlib.h>
| # endif
| #endif
| #ifdef HAVE_STRING_H
| # if !defined STDC_HEADERS && defined HAVE_MEMORY_H
| #  include <memory.h>
| # endif
| # include <string.h>
| #endif
| #ifdef HAVE_STRINGS_H
| # include <strings.h>
| #endif
| #ifdef HAVE_INTTYPES_H
| # include <inttypes.h>
| #endif
| #ifdef HAVE_STDINT_H
| # include <stdint.h>
| #endif
| #ifdef HAVE_UNISTD_H
| # include <unistd.h>
| #endif
| 	        enum { N = 32 / 2 - 1 };
| int
| main ()
| {
| static int test_array [1 - 2 * !((int32_t) (((((int32_t) 1 << N) << N) - 1) * 2 + 1)
| 		 < (int32_t) (((((int32_t) 1 << N) << N) - 1) * 2 + 2))];
| test_array [0] = 0
| 
|   ;
|   return 0;
| }
configure:5316: result: yes
configure:5327: checking for int64_t
configure:5327: arm-none-linux-gnueabi-gcc -c   conftest.c >&5
configure:5327: $? = 0
configure:5327: arm-none-linux-gnueabi-gcc -c   conftest.c >&5
conftest.c: In function 'main':
conftest.c:98:53: warning: integer overflow in expression [-Woverflow]
    < (int64_t) (((((int64_t) 1 << N) << N) - 1) * 2 + 2))];
                                                     ^
conftest.c:97:12: error: storage size of 'test_array' isn't constant
 static int test_array [1 - 2 * !((int64_t) (((((int64_t) 1 << N) << N) - 1) * 2 + 1)
            ^
configure:5327: $? = 1
configure: failed program was:
| /* confdefs.h */
| #define PACKAGE_NAME ""
| #define PACKAGE_TARNAME ""
| #define PACKAGE_VERSION ""
| #define PACKAGE_STRING ""
| #define PACKAGE_BUGREPORT ""
| #define PACKAGE_URL ""
| #define HAVE_DIRENT_H 1
| #define STDC_HEADERS 1
| #define HAVE_SYS_TYPES_H 1
| #define HAVE_SYS_STAT_H 1
| #define HAVE_STDLIB_H 1
| #define HAVE_STRING_H 1
| #define HAVE_MEMORY_H 1
| #define HAVE_STRINGS_H 1
| #define HAVE_INTTYPES_H 1
| #define HAVE_STDINT_H 1
| #define HAVE_UNISTD_H 1
| #define STDC_HEADERS 1
| #define HAVE_SYS_WAIT_H 1
| #define TIME_WITH_SYS_TIME 1
| #define HAVE_LOCALE_H 1
| #define HAVE_STDDEF_H 1
| #define HAVE_SYSLOG_H 1
| #define HAVE_SYS_FILE_H 1
| #define HAVE_SYS_TIME_H 1
| #define HAVE_ASSERT_H 1
| #define HAVE_LANGINFO_H 1
| #define HAVE_LIBGEN_H 1
| #define HAVE_SIGNAL_H 1
| #define HAVE_SYS_MMAN_H 1
| #define HAVE_SYS_RESOURCE_H 1
| #define HAVE_SYS_UTSNAME_H 1
| #define HAVE_SYS_WAIT_H 1
| #define HAVE_TIME_H 1
| #define HAVE_ASM_BYTEORDER_H 1
| #define HAVE_LINUX_FS_H 1
| #define HAVE_MALLOC_H 1
| #define HAVE_CTYPE_H 1
| #define HAVE_DIRENT_H 1
| #define HAVE_ERRNO_H 1
| #define HAVE_FCNTL_H 1
| #define HAVE_GETOPT_H 1
| #define HAVE_INTTYPES_H 1
| #define HAVE_LIMITS_H 1
| #define HAVE_STDARG_H 1
| #define HAVE_STDIO_H 1
| #define HAVE_STDLIB_H 1
| #define HAVE_STRING_H 1
| #define HAVE_SYS_IOCTL_H 1
| #define HAVE_SYS_PARAM_H 1
| #define HAVE_SYS_STAT_H 1
| #define HAVE_SYS_TYPES_H 1
| #define HAVE_UNISTD_H 1
| #define HAVE_TERMIOS_H 1
| #define HAVE_SYS_STATVFS_H 1
| #define HAVE_STRUCT_STAT_ST_RDEV 1
| #define RETSIGTYPE void
| /* end confdefs.h.  */
| #include <stdio.h>
| #ifdef HAVE_SYS_TYPES_H
| # include <sys/types.h>
| #endif
| #ifdef HAVE_SYS_STAT_H
| # include <sys/stat.h>
| #endif
| #ifdef STDC_HEADERS
| # include <stdlib.h>
| # include <stddef.h>
| #else
| # ifdef HAVE_STDLIB_H
| #  include <stdlib.h>
| # endif
| #endif
| #ifdef HAVE_STRING_H
| # if !defined STDC_HEADERS && defined HAVE_MEMORY_H
| #  include <memory.h>
| # endif
| # include <string.h>
| #endif
| #ifdef HAVE_STRINGS_H
| # include <strings.h>
| #endif
| #ifdef HAVE_INTTYPES_H
| # include <inttypes.h>
| #endif
| #ifdef HAVE_STDINT_H
| # include <stdint.h>
| #endif
| #ifdef HAVE_UNISTD_H
| # include <unistd.h>
| #endif
| 	        enum { N = 64 / 2 - 1 };
| int
| main ()
| {
| static int test_array [1 - 2 * !((int64_t) (((((int64_t) 1 << N) << N) - 1) * 2 + 1)
| 		 < (int64_t) (((((int64_t) 1 << N) << N) - 1) * 2 + 2))];
| test_array [0] = 0
| 
|   ;
|   return 0;
| }
configure:5327: result: yes
configure:5338: checking for ssize_t
configure:5338: arm-none-linux-gnueabi-gcc -c   conftest.c >&5
configure:5338: $? = 0
configure:5338: arm-none-linux-gnueabi-gcc -c   conftest.c >&5
conftest.c: In function 'main':
conftest.c:96:22: error: expected expression before ')' token
 if (sizeof ((ssize_t)))
                      ^
configure:5338: $? = 1
configure: failed program was:
| /* confdefs.h */
| #define PACKAGE_NAME ""
| #define PACKAGE_TARNAME ""
| #define PACKAGE_VERSION ""
| #define PACKAGE_STRING ""
| #define PACKAGE_BUGREPORT ""
| #define PACKAGE_URL ""
| #define HAVE_DIRENT_H 1
| #define STDC_HEADERS 1
| #define HAVE_SYS_TYPES_H 1
| #define HAVE_SYS_STAT_H 1
| #define HAVE_STDLIB_H 1
| #define HAVE_STRING_H 1
| #define HAVE_MEMORY_H 1
| #define HAVE_STRINGS_H 1
| #define HAVE_INTTYPES_H 1
| #define HAVE_STDINT_H 1
| #define HAVE_UNISTD_H 1
| #define STDC_HEADERS 1
| #define HAVE_SYS_WAIT_H 1
| #define TIME_WITH_SYS_TIME 1
| #define HAVE_LOCALE_H 1
| #define HAVE_STDDEF_H 1
| #define HAVE_SYSLOG_H 1
| #define HAVE_SYS_FILE_H 1
| #define HAVE_SYS_TIME_H 1
| #define HAVE_ASSERT_H 1
| #define HAVE_LANGINFO_H 1
| #define HAVE_LIBGEN_H 1
| #define HAVE_SIGNAL_H 1
| #define HAVE_SYS_MMAN_H 1
| #define HAVE_SYS_RESOURCE_H 1
| #define HAVE_SYS_UTSNAME_H 1
| #define HAVE_SYS_WAIT_H 1
| #define HAVE_TIME_H 1
| #define HAVE_ASM_BYTEORDER_H 1
| #define HAVE_LINUX_FS_H 1
| #define HAVE_MALLOC_H 1
| #define HAVE_CTYPE_H 1
| #define HAVE_DIRENT_H 1
| #define HAVE_ERRNO_H 1
| #define HAVE_FCNTL_H 1
| #define HAVE_GETOPT_H 1
| #define HAVE_INTTYPES_H 1
| #define HAVE_LIMITS_H 1
| #define HAVE_STDARG_H 1
| #define HAVE_STDIO_H 1
| #define HAVE_STDLIB_H 1
| #define HAVE_STRING_H 1
| #define HAVE_SYS_IOCTL_H 1
| #define HAVE_SYS_PARAM_H 1
| #define HAVE_SYS_STAT_H 1
| #define HAVE_SYS_TYPES_H 1
| #define HAVE_UNISTD_H 1
| #define HAVE_TERMIOS_H 1
| #define HAVE_SYS_STATVFS_H 1
| #define HAVE_STRUCT_STAT_ST_RDEV 1
| #define RETSIGTYPE void
| /* end confdefs.h.  */
| #include <stdio.h>
| #ifdef HAVE_SYS_TYPES_H
| # include <sys/types.h>
| #endif
| #ifdef HAVE_SYS_STAT_H
| # include <sys/stat.h>
| #endif
| #ifdef STDC_HEADERS
| # include <stdlib.h>
| # include <stddef.h>
| #else
| # ifdef HAVE_STDLIB_H
| #  include <stdlib.h>
| # endif
| #endif
| #ifdef HAVE_STRING_H
| # if !defined STDC_HEADERS && defined HAVE_MEMORY_H
| #  include <memory.h>
| # endif
| # include <string.h>
| #endif
| #ifdef HAVE_STRINGS_H
| # include <strings.h>
| #endif
| #ifdef HAVE_INTTYPES_H
| # include <inttypes.h>
| #endif
| #ifdef HAVE_STDINT_H
| # include <stdint.h>
| #endif
| #ifdef HAVE_UNISTD_H
| # include <unistd.h>
| #endif
| int
| main ()
| {
| if (sizeof ((ssize_t)))
| 	    return 0;
|   ;
|   return 0;
| }
configure:5338: result: yes
configure:5349: checking for uid_t in sys/types.h
configure:5368: result: yes
configure:5379: checking for uint8_t
configure:5379: arm-none-linux-gnueabi-gcc -c   conftest.c >&5
configure:5379: $? = 0
configure:5379: result: yes
configure:5393: checking for uint16_t
configure:5393: arm-none-linux-gnueabi-gcc -c   conftest.c >&5
configure:5393: $? = 0
configure:5393: result: yes
configure:5405: checking for uint32_t
configure:5405: arm-none-linux-gnueabi-gcc -c   conftest.c >&5
configure:5405: $? = 0
configure:5405: result: yes
configure:5419: checking for uint64_t
configure:5419: arm-none-linux-gnueabi-gcc -c   conftest.c >&5
configure:5419: $? = 0
configure:5419: result: yes
configure:5433: checking for struct stat.st_rdev
configure:5433: result: yes
configure:5443: checking whether struct tm is in sys/time.h or time.h
configure:5463: arm-none-linux-gnueabi-gcc -c   conftest.c >&5
configure:5463: $? = 0
configure:5470: result: time.h
configure:5486: checking for ftruncate
configure:5486: arm-none-linux-gnueabi-gcc -o conftest    conftest.c  >&5
configure:5486: $? = 0
configure:5486: result: yes
configure:5486: checking for gethostname
configure:5486: arm-none-linux-gnueabi-gcc -o conftest    conftest.c  >&5
configure:5486: $? = 0
configure:5486: result: yes
configure:5486: checking for getpagesize
configure:5486: arm-none-linux-gnueabi-gcc -o conftest    conftest.c  >&5
configure:5486: $? = 0
configure:5486: result: yes
configure:5486: checking for gettimeofday
configure:5486: arm-none-linux-gnueabi-gcc -o conftest    conftest.c  >&5
configure:5486: $? = 0
configure:5486: result: yes
configure:5486: checking for memset
configure:5486: arm-none-linux-gnueabi-gcc -o conftest    conftest.c  >&5
conftest.c:88:6: warning: conflicting types for built-in function 'memset' [enabled by default]
 char memset ();
      ^
configure:5486: $? = 0
configure:5486: result: yes
configure:5486: checking for mkdir
configure:5486: arm-none-linux-gnueabi-gcc -o conftest    conftest.c  >&5
configure:5486: $? = 0
configure:5486: result: yes
configure:5486: checking for mkfifo
configure:5486: arm-none-linux-gnueabi-gcc -o conftest    conftest.c  >&5
configure:5486: $? = 0
configure:5486: result: yes
configure:5486: checking for rmdir
configure:5486: arm-none-linux-gnueabi-gcc -o conftest    conftest.c  >&5
configure:5486: $? = 0
configure:5486: result: yes
configure:5486: checking for munmap
configure:5486: arm-none-linux-gnueabi-gcc -o conftest    conftest.c  >&5
configure:5486: $? = 0
configure:5486: result: yes
configure:5486: checking for nl_langinfo
configure:5486: arm-none-linux-gnueabi-gcc -o conftest    conftest.c  >&5
configure:5486: $? = 0
configure:5486: result: yes
configure:5486: checking for setenv
configure:5486: arm-none-linux-gnueabi-gcc -o conftest    conftest.c  >&5
configure:5486: $? = 0
configure:5486: result: yes
configure:5486: checking for setlocale
configure:5486: arm-none-linux-gnueabi-gcc -o conftest    conftest.c  >&5
configure:5486: $? = 0
configure:5486: result: yes
configure:5486: checking for strcasecmp
configure:5486: arm-none-linux-gnueabi-gcc -o conftest    conftest.c  >&5
conftest.c:96:6: warning: conflicting types for built-in function 'strcasecmp' [enabled by default]
 char strcasecmp ();
      ^
configure:5486: $? = 0
configure:5486: result: yes
configure:5486: checking for strchr
configure:5486: arm-none-linux-gnueabi-gcc -o conftest    conftest.c  >&5
conftest.c:97:6: warning: conflicting types for built-in function 'strchr' [enabled by default]
 char strchr ();
      ^
configure:5486: $? = 0
configure:5486: result: yes
configure:5486: checking for strcspn
configure:5486: arm-none-linux-gnueabi-gcc -o conftest    conftest.c  >&5
conftest.c:98:6: warning: conflicting types for built-in function 'strcspn' [enabled by default]
 char strcspn ();
      ^
configure:5486: $? = 0
configure:5486: result: yes
configure:5486: checking for strspn
configure:5486: arm-none-linux-gnueabi-gcc -o conftest    conftest.c  >&5
conftest.c:99:6: warning: conflicting types for built-in function 'strspn' [enabled by default]
 char strspn ();
      ^
configure:5486: $? = 0
configure:5486: result: yes
configure:5486: checking for strdup
configure:5486: arm-none-linux-gnueabi-gcc -o conftest    conftest.c  >&5
conftest.c:100:6: warning: conflicting types for built-in function 'strdup' [enabled by default]
 char strdup ();
      ^
configure:5486: $? = 0
configure:5486: result: yes
configure:5486: checking for strncasecmp
configure:5486: arm-none-linux-gnueabi-gcc -o conftest    conftest.c  >&5
conftest.c:101:6: warning: conflicting types for built-in function 'strncasecmp' [enabled by default]
 char strncasecmp ();
      ^
configure:5486: $? = 0
configure:5486: result: yes
configure:5486: checking for strerror
configure:5486: arm-none-linux-gnueabi-gcc -o conftest    conftest.c  >&5
configure:5486: $? = 0
configure:5486: result: yes
configure:5486: checking for strrchr
configure:5486: arm-none-linux-gnueabi-gcc -o conftest    conftest.c  >&5
conftest.c:103:6: warning: conflicting types for built-in function 'strrchr' [enabled by default]
 char strrchr ();
      ^
configure:5486: $? = 0
configure:5486: result: yes
configure:5486: checking for strstr
configure:5486: arm-none-linux-gnueabi-gcc -o conftest    conftest.c  >&5
conftest.c:104:6: warning: conflicting types for built-in function 'strstr' [enabled by default]
 char strstr ();
      ^
configure:5486: $? = 0
configure:5486: result: yes
configure:5486: checking for strtol
configure:5486: arm-none-linux-gnueabi-gcc -o conftest    conftest.c  >&5
configure:5486: $? = 0
configure:5486: result: yes
configure:5486: checking for strtoul
configure:5486: arm-none-linux-gnueabi-gcc -o conftest    conftest.c  >&5
configure:5486: $? = 0
configure:5486: result: yes
configure:5486: checking for uname
configure:5486: arm-none-linux-gnueabi-gcc -o conftest    conftest.c  >&5
configure:5486: $? = 0
configure:5486: result: yes
configure:5499: checking for siginterrupt
configure:5499: arm-none-linux-gnueabi-gcc -o conftest    conftest.c  >&5
configure:5499: $? = 0
configure:5499: result: yes
configure:5510: checking for working alloca.h
configure:5527: arm-none-linux-gnueabi-gcc -o conftest    conftest.c  >&5
configure:5527: $? = 0
configure:5535: result: yes
configure:5543: checking for alloca
configure:5580: arm-none-linux-gnueabi-gcc -o conftest    conftest.c  >&5
configure:5580: $? = 0
configure:5588: result: yes
configure:5697: checking whether closedir returns void
configure:5731: result: yes
configure:5741: checking for unistd.h
configure:5741: result: yes
configure:5751: checking for working chown
configure:5796: result: no
configure:5806: checking vfork.h usability
configure:5806: arm-none-linux-gnueabi-gcc -c   conftest.c >&5
conftest.c:123:19: fatal error: vfork.h: No such file or directory
 #include <vfork.h>
                   ^
compilation terminated.
configure:5806: $? = 1
configure: failed program was:
| /* confdefs.h */
| #define PACKAGE_NAME ""
| #define PACKAGE_TARNAME ""
| #define PACKAGE_VERSION ""
| #define PACKAGE_STRING ""
| #define PACKAGE_BUGREPORT ""
| #define PACKAGE_URL ""
| #define HAVE_DIRENT_H 1
| #define STDC_HEADERS 1
| #define HAVE_SYS_TYPES_H 1
| #define HAVE_SYS_STAT_H 1
| #define HAVE_STDLIB_H 1
| #define HAVE_STRING_H 1
| #define HAVE_MEMORY_H 1
| #define HAVE_STRINGS_H 1
| #define HAVE_INTTYPES_H 1
| #define HAVE_STDINT_H 1
| #define HAVE_UNISTD_H 1
| #define STDC_HEADERS 1
| #define HAVE_SYS_WAIT_H 1
| #define TIME_WITH_SYS_TIME 1
| #define HAVE_LOCALE_H 1
| #define HAVE_STDDEF_H 1
| #define HAVE_SYSLOG_H 1
| #define HAVE_SYS_FILE_H 1
| #define HAVE_SYS_TIME_H 1
| #define HAVE_ASSERT_H 1
| #define HAVE_LANGINFO_H 1
| #define HAVE_LIBGEN_H 1
| #define HAVE_SIGNAL_H 1
| #define HAVE_SYS_MMAN_H 1
| #define HAVE_SYS_RESOURCE_H 1
| #define HAVE_SYS_UTSNAME_H 1
| #define HAVE_SYS_WAIT_H 1
| #define HAVE_TIME_H 1
| #define HAVE_ASM_BYTEORDER_H 1
| #define HAVE_LINUX_FS_H 1
| #define HAVE_MALLOC_H 1
| #define HAVE_CTYPE_H 1
| #define HAVE_DIRENT_H 1
| #define HAVE_ERRNO_H 1
| #define HAVE_FCNTL_H 1
| #define HAVE_GETOPT_H 1
| #define HAVE_INTTYPES_H 1
| #define HAVE_LIMITS_H 1
| #define HAVE_STDARG_H 1
| #define HAVE_STDIO_H 1
| #define HAVE_STDLIB_H 1
| #define HAVE_STRING_H 1
| #define HAVE_SYS_IOCTL_H 1
| #define HAVE_SYS_PARAM_H 1
| #define HAVE_SYS_STAT_H 1
| #define HAVE_SYS_TYPES_H 1
| #define HAVE_UNISTD_H 1
| #define HAVE_TERMIOS_H 1
| #define HAVE_SYS_STATVFS_H 1
| #define HAVE_STRUCT_STAT_ST_RDEV 1
| #define RETSIGTYPE void
| #define HAVE_STRUCT_STAT_ST_RDEV 1
| #define HAVE_FTRUNCATE 1
| #define HAVE_GETHOSTNAME 1
| #define HAVE_GETPAGESIZE 1
| #define HAVE_GETTIMEOFDAY 1
| #define HAVE_MEMSET 1
| #define HAVE_MKDIR 1
| #define HAVE_MKFIFO 1
| #define HAVE_RMDIR 1
| #define HAVE_MUNMAP 1
| #define HAVE_NL_LANGINFO 1
| #define HAVE_SETENV 1
| #define HAVE_SETLOCALE 1
| #define HAVE_STRCASECMP 1
| #define HAVE_STRCHR 1
| #define HAVE_STRCSPN 1
| #define HAVE_STRSPN 1
| #define HAVE_STRDUP 1
| #define HAVE_STRNCASECMP 1
| #define HAVE_STRERROR 1
| #define HAVE_STRRCHR 1
| #define HAVE_STRSTR 1
| #define HAVE_STRTOL 1
| #define HAVE_STRTOUL 1
| #define HAVE_UNAME 1
| #define HAVE_SIGINTERRUPT 1
| #define HAVE_ALLOCA_H 1
| #define HAVE_ALLOCA 1
| #define CLOSEDIR_VOID 1
| #define HAVE_UNISTD_H 1
| /* end confdefs.h.  */
| #include <stdio.h>
| #ifdef HAVE_SYS_TYPES_H
| # include <sys/types.h>
| #endif
| #ifdef HAVE_SYS_STAT_H
| # include <sys/stat.h>
| #endif
| #ifdef STDC_HEADERS
| # include <stdlib.h>
| # include <stddef.h>
| #else
| # ifdef HAVE_STDLIB_H
| #  include <stdlib.h>
| # endif
| #endif
| #ifdef HAVE_STRING_H
| # if !defined STDC_HEADERS && defined HAVE_MEMORY_H
| #  include <memory.h>
| # endif
| # include <string.h>
| #endif
| #ifdef HAVE_STRINGS_H
| # include <strings.h>
| #endif
| #ifdef HAVE_INTTYPES_H
| # include <inttypes.h>
| #endif
| #ifdef HAVE_STDINT_H
| # include <stdint.h>
| #endif
| #ifdef HAVE_UNISTD_H
| # include <unistd.h>
| #endif
| #include <vfork.h>
configure:5806: result: no
configure:5806: checking vfork.h presence
configure:5806: arm-none-linux-gnueabi-gcc -E  conftest.c
conftest.c:90:19: fatal error: vfork.h: No such file or directory
 #include <vfork.h>
                   ^
compilation terminated.
configure:5806: $? = 1
configure: failed program was:
| /* confdefs.h */
| #define PACKAGE_NAME ""
| #define PACKAGE_TARNAME ""
| #define PACKAGE_VERSION ""
| #define PACKAGE_STRING ""
| #define PACKAGE_BUGREPORT ""
| #define PACKAGE_URL ""
| #define HAVE_DIRENT_H 1
| #define STDC_HEADERS 1
| #define HAVE_SYS_TYPES_H 1
| #define HAVE_SYS_STAT_H 1
| #define HAVE_STDLIB_H 1
| #define HAVE_STRING_H 1
| #define HAVE_MEMORY_H 1
| #define HAVE_STRINGS_H 1
| #define HAVE_INTTYPES_H 1
| #define HAVE_STDINT_H 1
| #define HAVE_UNISTD_H 1
| #define STDC_HEADERS 1
| #define HAVE_SYS_WAIT_H 1
| #define TIME_WITH_SYS_TIME 1
| #define HAVE_LOCALE_H 1
| #define HAVE_STDDEF_H 1
| #define HAVE_SYSLOG_H 1
| #define HAVE_SYS_FILE_H 1
| #define HAVE_SYS_TIME_H 1
| #define HAVE_ASSERT_H 1
| #define HAVE_LANGINFO_H 1
| #define HAVE_LIBGEN_H 1
| #define HAVE_SIGNAL_H 1
| #define HAVE_SYS_MMAN_H 1
| #define HAVE_SYS_RESOURCE_H 1
| #define HAVE_SYS_UTSNAME_H 1
| #define HAVE_SYS_WAIT_H 1
| #define HAVE_TIME_H 1
| #define HAVE_ASM_BYTEORDER_H 1
| #define HAVE_LINUX_FS_H 1
| #define HAVE_MALLOC_H 1
| #define HAVE_CTYPE_H 1
| #define HAVE_DIRENT_H 1
| #define HAVE_ERRNO_H 1
| #define HAVE_FCNTL_H 1
| #define HAVE_GETOPT_H 1
| #define HAVE_INTTYPES_H 1
| #define HAVE_LIMITS_H 1
| #define HAVE_STDARG_H 1
| #define HAVE_STDIO_H 1
| #define HAVE_STDLIB_H 1
| #define HAVE_STRING_H 1
| #define HAVE_SYS_IOCTL_H 1
| #define HAVE_SYS_PARAM_H 1
| #define HAVE_SYS_STAT_H 1
| #define HAVE_SYS_TYPES_H 1
| #define HAVE_UNISTD_H 1
| #define HAVE_TERMIOS_H 1
| #define HAVE_SYS_STATVFS_H 1
| #define HAVE_STRUCT_STAT_ST_RDEV 1
| #define RETSIGTYPE void
| #define HAVE_STRUCT_STAT_ST_RDEV 1
| #define HAVE_FTRUNCATE 1
| #define HAVE_GETHOSTNAME 1
| #define HAVE_GETPAGESIZE 1
| #define HAVE_GETTIMEOFDAY 1
| #define HAVE_MEMSET 1
| #define HAVE_MKDIR 1
| #define HAVE_MKFIFO 1
| #define HAVE_RMDIR 1
| #define HAVE_MUNMAP 1
| #define HAVE_NL_LANGINFO 1
| #define HAVE_SETENV 1
| #define HAVE_SETLOCALE 1
| #define HAVE_STRCASECMP 1
| #define HAVE_STRCHR 1
| #define HAVE_STRCSPN 1
| #define HAVE_STRSPN 1
| #define HAVE_STRDUP 1
| #define HAVE_STRNCASECMP 1
| #define HAVE_STRERROR 1
| #define HAVE_STRRCHR 1
| #define HAVE_STRSTR 1
| #define HAVE_STRTOL 1
| #define HAVE_STRTOUL 1
| #define HAVE_UNAME 1
| #define HAVE_SIGINTERRUPT 1
| #define HAVE_ALLOCA_H 1
| #define HAVE_ALLOCA 1
| #define CLOSEDIR_VOID 1
| #define HAVE_UNISTD_H 1
| /* end confdefs.h.  */
| #include <vfork.h>
configure:5806: result: no
configure:5806: checking for vfork.h
configure:5806: result: no
configure:5819: checking for fork
configure:5819: arm-none-linux-gnueabi-gcc -o conftest    conftest.c  >&5
conftest.c:113:6: warning: conflicting types for built-in function 'fork' [enabled by default]
 char fork ();
      ^
configure:5819: $? = 0
configure:5819: result: yes
configure:5819: checking for vfork
configure:5819: arm-none-linux-gnueabi-gcc -o conftest    conftest.c  >&5
configure:5819: $? = 0
configure:5819: result: yes
configure:5829: checking for working fork
configure:5861: result: cross
configure:5877: WARNING: result yes guessed because of cross compilation
configure:5882: checking for working vfork
configure:5992: result: yes
configure:6017: checking whether lstat correctly handles trailing slash
configure:6060: result: no
configure:6079: checking whether lstat accepts an empty string
configure:6109: result: yes
configure:6127: checking for stdlib.h
configure:6127: result: yes
configure:6137: checking for GNU libc compatible malloc
configure:6171: result: yes
configure:6192: checking for working memcmp
configure:6245: result: no
configure:6260: checking for stdlib.h
configure:6260: result: yes
configure:6260: checking for unistd.h
configure:6260: result: yes
configure:6260: checking for sys/param.h
configure:6260: result: yes
configure:6280: checking for getpagesize
configure:6280: result: yes
configure:6289: checking for working mmap
configure:6446: result: no
configure:6457: checking for stdlib.h
configure:6457: result: yes
configure:6467: checking for GNU libc compatible realloc
configure:6501: result: yes
configure:6522: checking whether stat accepts an empty string
configure:6552: result: yes
configure:6568: checking for working strtod
configure:6619: result: no
configure:6628: checking for pow
configure:6628: arm-none-linux-gnueabi-gcc -o conftest    conftest.c  >&5
conftest.c:127:6: warning: conflicting types for built-in function 'pow' [enabled by default]
 char pow ();
      ^
/tmp/ccCt9U0w.o: In function `main':
conftest.c:(.text+0x8): undefined reference to `pow'
collect2: error: ld returned 1 exit status
configure:6628: $? = 1
configure: failed program was:
| /* confdefs.h */
| #define PACKAGE_NAME ""
| #define PACKAGE_TARNAME ""
| #define PACKAGE_VERSION ""
| #define PACKAGE_STRING ""
| #define PACKAGE_BUGREPORT ""
| #define PACKAGE_URL ""
| #define HAVE_DIRENT_H 1
| #define STDC_HEADERS 1
| #define HAVE_SYS_TYPES_H 1
| #define HAVE_SYS_STAT_H 1
| #define HAVE_STDLIB_H 1
| #define HAVE_STRING_H 1
| #define HAVE_MEMORY_H 1
| #define HAVE_STRINGS_H 1
| #define HAVE_INTTYPES_H 1
| #define HAVE_STDINT_H 1
| #define HAVE_UNISTD_H 1
| #define STDC_HEADERS 1
| #define HAVE_SYS_WAIT_H 1
| #define TIME_WITH_SYS_TIME 1
| #define HAVE_LOCALE_H 1
| #define HAVE_STDDEF_H 1
| #define HAVE_SYSLOG_H 1
| #define HAVE_SYS_FILE_H 1
| #define HAVE_SYS_TIME_H 1
| #define HAVE_ASSERT_H 1
| #define HAVE_LANGINFO_H 1
| #define HAVE_LIBGEN_H 1
| #define HAVE_SIGNAL_H 1
| #define HAVE_SYS_MMAN_H 1
| #define HAVE_SYS_RESOURCE_H 1
| #define HAVE_SYS_UTSNAME_H 1
| #define HAVE_SYS_WAIT_H 1
| #define HAVE_TIME_H 1
| #define HAVE_ASM_BYTEORDER_H 1
| #define HAVE_LINUX_FS_H 1
| #define HAVE_MALLOC_H 1
| #define HAVE_CTYPE_H 1
| #define HAVE_DIRENT_H 1
| #define HAVE_ERRNO_H 1
| #define HAVE_FCNTL_H 1
| #define HAVE_GETOPT_H 1
| #define HAVE_INTTYPES_H 1
| #define HAVE_LIMITS_H 1
| #define HAVE_STDARG_H 1
| #define HAVE_STDIO_H 1
| #define HAVE_STDLIB_H 1
| #define HAVE_STRING_H 1
| #define HAVE_SYS_IOCTL_H 1
| #define HAVE_SYS_PARAM_H 1
| #define HAVE_SYS_STAT_H 1
| #define HAVE_SYS_TYPES_H 1
| #define HAVE_UNISTD_H 1
| #define HAVE_TERMIOS_H 1
| #define HAVE_SYS_STATVFS_H 1
| #define HAVE_STRUCT_STAT_ST_RDEV 1
| #define RETSIGTYPE void
| #define HAVE_STRUCT_STAT_ST_RDEV 1
| #define HAVE_FTRUNCATE 1
| #define HAVE_GETHOSTNAME 1
| #define HAVE_GETPAGESIZE 1
| #define HAVE_GETTIMEOFDAY 1
| #define HAVE_MEMSET 1
| #define HAVE_MKDIR 1
| #define HAVE_MKFIFO 1
| #define HAVE_RMDIR 1
| #define HAVE_MUNMAP 1
| #define HAVE_NL_LANGINFO 1
| #define HAVE_SETENV 1
| #define HAVE_SETLOCALE 1
| #define HAVE_STRCASECMP 1
| #define HAVE_STRCHR 1
| #define HAVE_STRCSPN 1
| #define HAVE_STRSPN 1
| #define HAVE_STRDUP 1
| #define HAVE_STRNCASECMP 1
| #define HAVE_STRERROR 1
| #define HAVE_STRRCHR 1
| #define HAVE_STRSTR 1
| #define HAVE_STRTOL 1
| #define HAVE_STRTOUL 1
| #define HAVE_UNAME 1
| #define HAVE_SIGINTERRUPT 1
| #define HAVE_ALLOCA_H 1
| #define HAVE_ALLOCA 1
| #define CLOSEDIR_VOID 1
| #define HAVE_UNISTD_H 1
| #define HAVE_FORK 1
| #define HAVE_VFORK 1
| #define HAVE_WORKING_VFORK 1
| #define HAVE_WORKING_FORK 1
| #define HAVE_LSTAT_EMPTY_STRING_BUG 1
| #define HAVE_STDLIB_H 1
| #define HAVE_MALLOC 1
| #define HAVE_STDLIB_H 1
| #define HAVE_UNISTD_H 1
| #define HAVE_SYS_PARAM_H 1
| #define HAVE_GETPAGESIZE 1
| #define HAVE_STDLIB_H 1
| #define HAVE_REALLOC 1
| #define HAVE_STAT_EMPTY_STRING_BUG 1
| /* end confdefs.h.  */
| /* Define pow to an innocuous variant, in case <limits.h> declares pow.
|    For example, HP-UX 11i <limits.h> declares gettimeofday.  */
| #define pow innocuous_pow
| 
| /* System header to define __stub macros and hopefully few prototypes,
|     which can conflict with char pow (); below.
|     Prefer <limits.h> to <assert.h> if __STDC__ is defined, since
|     <limits.h> exists even on freestanding compilers.  */
| 
| #ifdef __STDC__
| # include <limits.h>
| #else
| # include <assert.h>
| #endif
| 
| #undef pow
| 
| /* Override any GCC internal prototype to avoid an error.
|    Use char because int might match the return type of a GCC
|    builtin and then its argument prototype would still apply.  */
| #ifdef __cplusplus
| extern "C"
| #endif
| char pow ();
| /* The GNU C library defines this for functions which it implements
|     to always fail with ENOSYS.  Some functions are actually named
|     something starting with __ and the normal name is an alias.  */
| #if defined __stub_pow || defined __stub___pow
| choke me
| #endif
| 
| int
| main ()
| {
| return pow ();
|   ;
|   return 0;
| }
configure:6628: result: no
configure:6634: checking for pow in -lm
configure:6659: arm-none-linux-gnueabi-gcc -o conftest    conftest.c -lm   >&5
conftest.c:111:6: warning: conflicting types for built-in function 'pow' [enabled by default]
 char pow ();
      ^
configure:6659: $? = 0
configure:6668: result: yes
configure:6683: checking for vprintf
configure:6683: arm-none-linux-gnueabi-gcc -o conftest    conftest.c  >&5
conftest.c:127:6: warning: conflicting types for built-in function 'vprintf' [enabled by default]
 char vprintf ();
      ^
configure:6683: $? = 0
configure:6683: result: yes
configure:6689: checking for _doprnt
configure:6689: arm-none-linux-gnueabi-gcc -o conftest    conftest.c  >&5
/tmp/ccO5wc4B.o: In function `main':
conftest.c:(.text+0x8): undefined reference to `_doprnt'
collect2: error: ld returned 1 exit status
configure:6689: $? = 1
configure: failed program was:
| /* confdefs.h */
| #define PACKAGE_NAME ""
| #define PACKAGE_TARNAME ""
| #define PACKAGE_VERSION ""
| #define PACKAGE_STRING ""
| #define PACKAGE_BUGREPORT ""
| #define PACKAGE_URL ""
| #define HAVE_DIRENT_H 1
| #define STDC_HEADERS 1
| #define HAVE_SYS_TYPES_H 1
| #define HAVE_SYS_STAT_H 1
| #define HAVE_STDLIB_H 1
| #define HAVE_STRING_H 1
| #define HAVE_MEMORY_H 1
| #define HAVE_STRINGS_H 1
| #define HAVE_INTTYPES_H 1
| #define HAVE_STDINT_H 1
| #define HAVE_UNISTD_H 1
| #define STDC_HEADERS 1
| #define HAVE_SYS_WAIT_H 1
| #define TIME_WITH_SYS_TIME 1
| #define HAVE_LOCALE_H 1
| #define HAVE_STDDEF_H 1
| #define HAVE_SYSLOG_H 1
| #define HAVE_SYS_FILE_H 1
| #define HAVE_SYS_TIME_H 1
| #define HAVE_ASSERT_H 1
| #define HAVE_LANGINFO_H 1
| #define HAVE_LIBGEN_H 1
| #define HAVE_SIGNAL_H 1
| #define HAVE_SYS_MMAN_H 1
| #define HAVE_SYS_RESOURCE_H 1
| #define HAVE_SYS_UTSNAME_H 1
| #define HAVE_SYS_WAIT_H 1
| #define HAVE_TIME_H 1
| #define HAVE_ASM_BYTEORDER_H 1
| #define HAVE_LINUX_FS_H 1
| #define HAVE_MALLOC_H 1
| #define HAVE_CTYPE_H 1
| #define HAVE_DIRENT_H 1
| #define HAVE_ERRNO_H 1
| #define HAVE_FCNTL_H 1
| #define HAVE_GETOPT_H 1
| #define HAVE_INTTYPES_H 1
| #define HAVE_LIMITS_H 1
| #define HAVE_STDARG_H 1
| #define HAVE_STDIO_H 1
| #define HAVE_STDLIB_H 1
| #define HAVE_STRING_H 1
| #define HAVE_SYS_IOCTL_H 1
| #define HAVE_SYS_PARAM_H 1
| #define HAVE_SYS_STAT_H 1
| #define HAVE_SYS_TYPES_H 1
| #define HAVE_UNISTD_H 1
| #define HAVE_TERMIOS_H 1
| #define HAVE_SYS_STATVFS_H 1
| #define HAVE_STRUCT_STAT_ST_RDEV 1
| #define RETSIGTYPE void
| #define HAVE_STRUCT_STAT_ST_RDEV 1
| #define HAVE_FTRUNCATE 1
| #define HAVE_GETHOSTNAME 1
| #define HAVE_GETPAGESIZE 1
| #define HAVE_GETTIMEOFDAY 1
| #define HAVE_MEMSET 1
| #define HAVE_MKDIR 1
| #define HAVE_MKFIFO 1
| #define HAVE_RMDIR 1
| #define HAVE_MUNMAP 1
| #define HAVE_NL_LANGINFO 1
| #define HAVE_SETENV 1
| #define HAVE_SETLOCALE 1
| #define HAVE_STRCASECMP 1
| #define HAVE_STRCHR 1
| #define HAVE_STRCSPN 1
| #define HAVE_STRSPN 1
| #define HAVE_STRDUP 1
| #define HAVE_STRNCASECMP 1
| #define HAVE_STRERROR 1
| #define HAVE_STRRCHR 1
| #define HAVE_STRSTR 1
| #define HAVE_STRTOL 1
| #define HAVE_STRTOUL 1
| #define HAVE_UNAME 1
| #define HAVE_SIGINTERRUPT 1
| #define HAVE_ALLOCA_H 1
| #define HAVE_ALLOCA 1
| #define CLOSEDIR_VOID 1
| #define HAVE_UNISTD_H 1
| #define HAVE_FORK 1
| #define HAVE_VFORK 1
| #define HAVE_WORKING_VFORK 1
| #define HAVE_WORKING_FORK 1
| #define HAVE_LSTAT_EMPTY_STRING_BUG 1
| #define HAVE_STDLIB_H 1
| #define HAVE_MALLOC 1
| #define HAVE_STDLIB_H 1
| #define HAVE_UNISTD_H 1
| #define HAVE_SYS_PARAM_H 1
| #define HAVE_GETPAGESIZE 1
| #define HAVE_STDLIB_H 1
| #define HAVE_REALLOC 1
| #define HAVE_STAT_EMPTY_STRING_BUG 1
| #define HAVE_VPRINTF 1
| /* end confdefs.h.  */
| /* Define _doprnt to an innocuous variant, in case <limits.h> declares _doprnt.
|    For example, HP-UX 11i <limits.h> declares gettimeofday.  */
| #define _doprnt innocuous__doprnt
| 
| /* System header to define __stub macros and hopefully few prototypes,
|     which can conflict with char _doprnt (); below.
|     Prefer <limits.h> to <assert.h> if __STDC__ is defined, since
|     <limits.h> exists even on freestanding compilers.  */
| 
| #ifdef __STDC__
| # include <limits.h>
| #else
| # include <assert.h>
| #endif
| 
| #undef _doprnt
| 
| /* Override any GCC internal prototype to avoid an error.
|    Use char because int might match the return type of a GCC
|    builtin and then its argument prototype would still apply.  */
| #ifdef __cplusplus
| extern "C"
| #endif
| char _doprnt ();
| /* The GNU C library defines this for functions which it implements
|     to always fail with ENOSYS.  Some functions are actually named
|     something starting with __ and the normal name is an alias.  */
| #if defined __stub__doprnt || defined __stub____doprnt
| choke me
| #endif
| 
| int
| main ()
| {
| return _doprnt ();
|   ;
|   return 0;
| }
configure:6689: result: no
configure:6702: checking whether to use static linking
configure:6711: result: yes
configure:6718: checking file owner
configure:6726: result: 
configure:6734: checking group owner
configure:6742: result: 
configure:6750: checking device node uid
configure:6761: result: 0
configure:6765: checking device node gid
configure:6776: result: 0
configure:6780: checking device node mode
configure:6791: result: 0600
configure:6794: checking when to create device nodes
configure:6809: result: on resume
configure:6817: checking default name mangling
configure:6833: result: auto
configure:6842: checking whether to enable lvm1 fallback
configure:6851: result: no
configure:6861: checking whether to include support for lvm1 metadata
configure:6871: result: internal
configure:6886: checking whether to include support for GFS pool metadata
configure:6896: result: none
configure:6911: checking whether to include support for cluster locking
configure:6919: result: none
configure:6934: checking whether to include snapshots
configure:6944: result: internal
configure:6959: checking whether to include mirrors
configure:6969: result: internal
configure:6984: checking whether to include raid
configure:6994: result: internal
configure:7009: checking whether to include replicators
configure:7019: result: none
configure:7031: checking whether to include thin provisioning
configure:7041: result: none
configure:7117: checking whether to enable readline
configure:7126: result: no
configure:7130: checking whether to enable realtime support
configure:7137: result: 
configure:7141: checking whether to enable OCF resource agents
configure:7150: result: no
configure:7403: checking whether to build cluster LVM daemon
configure:7416: result: none
configure:8316: checking whether to build cluster mirror log daemon
configure:8325: result: no
configure:8530: checking whether to enable debugging
configure:8539: result: no
configure:8549: checking for C optimisation flag
configure:8557: result: -Os -march=armv5te -mtune=cortex-a8 -mthumb
configure:8561: checking whether to gather gcov profiling data
configure:8570: result: no
configure:8716: checking whether to enable unit testing
configure:8725: result: no
configure:8826: checking whether to enable valgrind awareness of pools
configure:8835: result: no
configure:8916: checking whether to use device-mapper
configure:8923: result: yes
configure:8933: checking whether to build LVMetaD
configure:8940: result: no
configure:8966: checking whether to enable synchronisation with udev processing
configure:8975: result: no
configure:9078: checking whether to enable installation of udev rules required for synchronisation
configure:9087: result: no
configure:9090: checking whether to enable executable path detection in udev rules
configure:9099: result: no
configure:9102: checking whether udev supports built-in blkid
configure:7173: checking for arm-none-linux-gnueabi-pkg-config
configure:7206: result: no
configure:7216: checking for pkg-config
configure:7234: found /usr/bin/pkg-config
configure:7246: result: /usr/bin/pkg-config
configure:7258: WARNING: using cross tools not prefixed with host triplet
configure:7271: checking pkg-config is at least version 0.9.0
configure:7274: result: yes
configure:7284: checking for PKGCONFIGINIT
configure:7291: $PKG_CONFIG --exists --print-errors "pkgconfiginit"
Package pkgconfiginit was not found in the pkg-config search path.
Perhaps you should add the directory containing `pkgconfiginit.pc'
to the PKG_CONFIG_PATH environment variable
No package 'pkgconfiginit' found
configure:7294: $? = 1
configure:7307: $PKG_CONFIG --exists --print-errors "pkgconfiginit"
Package pkgconfiginit was not found in the pkg-config search path.
Perhaps you should add the directory containing `pkgconfiginit.pc'
to the PKG_CONFIG_PATH environment variable
No package 'pkgconfiginit' found
configure:7310: $? = 1
configure:7323: result: no
No package 'pkgconfiginit' found
configure:7339: result: pkg-config initialized
configure:9110: result: no
configure:9152: checking whether to enable O_DIRECT
configure:9159: result: yes
configure:9169: checking whether to build liblvm2app.so application library
configure:9178: result: no
configure:9186: checking whether to compile liblvm2cmd.so
configure:9195: result: no
configure:9203: checking whether to build Python wrapper for liblvm2app.so
configure:9212: result: no
configure:9337: checking whether to install fsadm
configure:9344: result: yes
configure:9348: checking whether to install blkdeactivate
configure:9355: result: yes
configure:9359: checking whether to use dmeventd
configure:9366: result: 
configure:9390: checking for getline in -lc
configure:9415: arm-none-linux-gnueabi-gcc -o conftest    conftest.c -lc   >&5
configure:9415: $? = 0
configure:9424: result: yes
configure:9435: checking for canonicalize_file_name in -lc
configure:9460: arm-none-linux-gnueabi-gcc -o conftest    conftest.c -lc   >&5
configure:9460: $? = 0
configure:9469: result: yes
configure:9484: checking for dlopen in -ldl
configure:9509: arm-none-linux-gnueabi-gcc -o conftest    conftest.c -ldl   >&5
configure:9509: $? = 0
configure:9518: result: yes
configure:9590: checking whether to enable selinux support
configure:9597: result: no
configure:9787: checking for getopt.h
configure:9787: result: yes
configure:9988: checking whether to enable internationalisation
configure:9997: result: no
configure:10387: checking dlfcn.h usability
configure:10387: arm-none-linux-gnueabi-gcc -c   conftest.c >&5
configure:10387: $? = 0
configure:10387: result: yes
configure:10387: checking dlfcn.h presence
configure:10387: arm-none-linux-gnueabi-gcc -E  conftest.c
configure:10387: $? = 0
configure:10387: result: yes
configure:10387: checking for dlfcn.h
configure:10387: result: yes
configure:10439: checking for modprobe
configure:10457: found /sbin/modprobe
configure:10469: result: /sbin/modprobe
configure:10628: checking for kernel interface choice
configure:10642: result: ioctl
configure:10896: creating ./config.status

## ---------------------- ##
## Running config.status. ##
## ---------------------- ##

This file was extended by config.status, which was
generated by GNU Autoconf 2.66.  Invocation command line was

  CONFIG_FILES    = 
  CONFIG_HEADERS  = 
  CONFIG_LINKS    = 
  CONFIG_COMMANDS = 
  $ ./config.status 

on kkangs-VB

config.status:1135: creating Makefile
config.status:1135: creating make.tmpl
config.status:1135: creating daemons/Makefile
config.status:1135: creating daemons/clvmd/Makefile
config.status:1135: creating daemons/cmirrord/Makefile
config.status:1135: creating daemons/dmeventd/Makefile
config.status:1135: creating daemons/dmeventd/libdevmapper-event.pc
config.status:1135: creating daemons/dmeventd/plugins/Makefile
config.status:1135: creating daemons/dmeventd/plugins/lvm2/Makefile
config.status:1135: creating daemons/dmeventd/plugins/raid/Makefile
config.status:1135: creating daemons/dmeventd/plugins/mirror/Makefile
config.status:1135: creating daemons/dmeventd/plugins/snapshot/Makefile
config.status:1135: creating daemons/dmeventd/plugins/thin/Makefile
config.status:1135: creating daemons/lvmetad/Makefile
config.status:1135: creating doc/Makefile
config.status:1135: creating doc/example.conf
config.status:1135: creating include/.symlinks
config.status:1135: creating include/Makefile
config.status:1135: creating lib/Makefile
config.status:1135: creating lib/format1/Makefile
config.status:1135: creating lib/format_pool/Makefile
config.status:1135: creating lib/locking/Makefile
config.status:1135: creating lib/mirror/Makefile
config.status:1135: creating lib/replicator/Makefile
config.status:1135: creating lib/misc/lvm-version.h
config.status:1135: creating lib/raid/Makefile
config.status:1135: creating lib/snapshot/Makefile
config.status:1135: creating lib/thin/Makefile
config.status:1135: creating libdaemon/Makefile
config.status:1135: creating libdaemon/client/Makefile
config.status:1135: creating libdaemon/server/Makefile
config.status:1135: creating libdm/Makefile
config.status:1135: creating libdm/libdevmapper.pc
config.status:1135: creating liblvm/Makefile
config.status:1135: creating liblvm/liblvm2app.pc
config.status:1135: creating man/Makefile
config.status:1135: creating po/Makefile
config.status:1135: creating python/Makefile
config.status:1135: creating python/setup.py
config.status:1135: creating scripts/blkdeactivate.sh
config.status:1135: creating scripts/blk_availability_init_red_hat
config.status:1135: creating scripts/blk_availability_systemd_red_hat.service
config.status:1135: creating scripts/clvmd_init_red_hat
config.status:1135: creating scripts/cmirrord_init_red_hat
config.status:1135: creating scripts/lvm2_lvmetad_init_red_hat
config.status:1135: creating scripts/lvm2_lvmetad_systemd_red_hat.socket
config.status:1135: creating scripts/lvm2_lvmetad_systemd_red_hat.service
config.status:1135: creating scripts/lvm2_monitoring_init_red_hat
config.status:1135: creating scripts/dm_event_systemd_red_hat.socket
config.status:1135: creating scripts/dm_event_systemd_red_hat.service
config.status:1135: creating scripts/lvm2_monitoring_systemd_red_hat.service
config.status:1135: creating scripts/lvm2_tmpfiles_red_hat.conf
config.status:1135: creating scripts/Makefile
config.status:1135: creating test/Makefile
config.status:1135: creating test/api/Makefile
config.status:1135: creating test/unit/Makefile
config.status:1135: creating tools/Makefile
config.status:1135: creating udev/Makefile
config.status:1135: creating unit-tests/datastruct/Makefile
config.status:1135: creating unit-tests/regex/Makefile
config.status:1135: creating unit-tests/mm/Makefile
config.status:1135: creating lib/misc/configure.h

## ---------------- ##
## Cache variables. ##
## ---------------- ##

ac_cv_build=i686-pc-linux-gnu
ac_cv_c_compiler_gnu=yes
ac_cv_c_const=yes
ac_cv_c_inline=inline
ac_cv_c_int16_t=yes
ac_cv_c_int32_t=yes
ac_cv_c_int64_t=yes
ac_cv_c_int8_t=yes
ac_cv_c_uint16_t=yes
ac_cv_c_uint32_t=yes
ac_cv_c_uint64_t=yes
ac_cv_c_uint8_t=yes
ac_cv_env_CC_set=set
ac_cv_env_CC_value=arm-none-linux-gnueabi-gcc
ac_cv_env_CFLAGS_set=
ac_cv_env_CFLAGS_value=
ac_cv_env_CMAN_CFLAGS_set=
ac_cv_env_CMAN_CFLAGS_value=
ac_cv_env_CMAN_LIBS_set=
ac_cv_env_CMAN_LIBS_value=
ac_cv_env_CMAP_CFLAGS_set=
ac_cv_env_CMAP_CFLAGS_value=
ac_cv_env_CMAP_LIBS_set=
ac_cv_env_CMAP_LIBS_value=
ac_cv_env_CONFDB_CFLAGS_set=
ac_cv_env_CONFDB_CFLAGS_value=
ac_cv_env_CONFDB_LIBS_set=
ac_cv_env_CONFDB_LIBS_value=
ac_cv_env_COROSYNC_CFLAGS_set=
ac_cv_env_COROSYNC_CFLAGS_value=
ac_cv_env_COROSYNC_LIBS_set=
ac_cv_env_COROSYNC_LIBS_value=
ac_cv_env_CPG_CFLAGS_set=
ac_cv_env_CPG_CFLAGS_value=
ac_cv_env_CPG_LIBS_set=
ac_cv_env_CPG_LIBS_value=
ac_cv_env_CPPFLAGS_set=
ac_cv_env_CPPFLAGS_value=
ac_cv_env_CPP_set=
ac_cv_env_CPP_value=
ac_cv_env_CUNIT_CFLAGS_set=
ac_cv_env_CUNIT_CFLAGS_value=
ac_cv_env_CUNIT_LIBS_set=
ac_cv_env_CUNIT_LIBS_value=
ac_cv_env_DLM_CFLAGS_set=
ac_cv_env_DLM_CFLAGS_value=
ac_cv_env_DLM_LIBS_set=
ac_cv_env_DLM_LIBS_value=
ac_cv_env_LDFLAGS_set=
ac_cv_env_LDFLAGS_value=
ac_cv_env_LIBS_set=
ac_cv_env_LIBS_value=
ac_cv_env_PKGCONFIGINIT_CFLAGS_set=
ac_cv_env_PKGCONFIGINIT_CFLAGS_value=
ac_cv_env_PKGCONFIGINIT_LIBS_set=
ac_cv_env_PKGCONFIGINIT_LIBS_value=
ac_cv_env_PKG_CONFIG_LIBDIR_set=
ac_cv_env_PKG_CONFIG_LIBDIR_value=
ac_cv_env_PKG_CONFIG_PATH_set=
ac_cv_env_PKG_CONFIG_PATH_value=
ac_cv_env_PKG_CONFIG_set=
ac_cv_env_PKG_CONFIG_value=
ac_cv_env_QUORUM_CFLAGS_set=
ac_cv_env_QUORUM_CFLAGS_value=
ac_cv_env_QUORUM_LIBS_set=
ac_cv_env_QUORUM_LIBS_value=
ac_cv_env_SACKPT_CFLAGS_set=
ac_cv_env_SACKPT_CFLAGS_value=
ac_cv_env_SACKPT_LIBS_set=
ac_cv_env_SACKPT_LIBS_value=
ac_cv_env_SALCK_CFLAGS_set=
ac_cv_env_SALCK_CFLAGS_value=
ac_cv_env_SALCK_LIBS_set=
ac_cv_env_SALCK_LIBS_value=
ac_cv_env_UDEV_CFLAGS_set=
ac_cv_env_UDEV_CFLAGS_value=
ac_cv_env_UDEV_LIBS_set=
ac_cv_env_UDEV_LIBS_value=
ac_cv_env_VALGRIND_CFLAGS_set=
ac_cv_env_VALGRIND_CFLAGS_value=
ac_cv_env_VALGRIND_LIBS_set=
ac_cv_env_VALGRIND_LIBS_value=
ac_cv_env_build_alias_set=
ac_cv_env_build_alias_value=
ac_cv_env_host_alias_set=set
ac_cv_env_host_alias_value=arm-none-linux-gnueabi
ac_cv_env_target_alias_set=
ac_cv_env_target_alias_value=
ac_cv_func__doprnt=no
ac_cv_func_alloca_works=yes
ac_cv_func_chown_works=no
ac_cv_func_closedir_void=yes
ac_cv_func_fork=yes
ac_cv_func_fork_works=yes
ac_cv_func_ftruncate=yes
ac_cv_func_gethostname=yes
ac_cv_func_getpagesize=yes
ac_cv_func_gettimeofday=yes
ac_cv_func_lstat_dereferences_slashed_symlink=no
ac_cv_func_lstat_empty_string_bug=yes
ac_cv_func_malloc_0_nonnull=yes
ac_cv_func_memcmp_working=no
ac_cv_func_memset=yes
ac_cv_func_mkdir=yes
ac_cv_func_mkfifo=yes
ac_cv_func_mmap_fixed_mapped=no
ac_cv_func_munmap=yes
ac_cv_func_nl_langinfo=yes
ac_cv_func_pow=no
ac_cv_func_realloc_0_nonnull=yes
ac_cv_func_rmdir=yes
ac_cv_func_setenv=yes
ac_cv_func_setlocale=yes
ac_cv_func_siginterrupt=yes
ac_cv_func_stat_empty_string_bug=yes
ac_cv_func_strcasecmp=yes
ac_cv_func_strchr=yes
ac_cv_func_strcspn=yes
ac_cv_func_strdup=yes
ac_cv_func_strerror=yes
ac_cv_func_strncasecmp=yes
ac_cv_func_strrchr=yes
ac_cv_func_strspn=yes
ac_cv_func_strstr=yes
ac_cv_func_strtod=no
ac_cv_func_strtol=yes
ac_cv_func_strtoul=yes
ac_cv_func_uname=yes
ac_cv_func_vfork=yes
ac_cv_func_vfork_works=yes
ac_cv_func_vprintf=yes
ac_cv_header_asm_byteorder_h=yes
ac_cv_header_assert_h=yes
ac_cv_header_ctype_h=yes
ac_cv_header_dirent_dirent_h=yes
ac_cv_header_dirent_h=yes
ac_cv_header_dlfcn_h=yes
ac_cv_header_errno_h=yes
ac_cv_header_fcntl_h=yes
ac_cv_header_getopt_h=yes
ac_cv_header_inttypes_h=yes
ac_cv_header_langinfo_h=yes
ac_cv_header_libgen_h=yes
ac_cv_header_limits_h=yes
ac_cv_header_linux_fs_h=yes
ac_cv_header_locale_h=yes
ac_cv_header_malloc_h=yes
ac_cv_header_memory_h=yes
ac_cv_header_signal_h=yes
ac_cv_header_stdarg_h=yes
ac_cv_header_stdc=yes
ac_cv_header_stddef_h=yes
ac_cv_header_stdint_h=yes
ac_cv_header_stdio_h=yes
ac_cv_header_stdlib_h=yes
ac_cv_header_string_h=yes
ac_cv_header_strings_h=yes
ac_cv_header_sys_file_h=yes
ac_cv_header_sys_ioctl_h=yes
ac_cv_header_sys_mman_h=yes
ac_cv_header_sys_param_h=yes
ac_cv_header_sys_resource_h=yes
ac_cv_header_sys_stat_h=yes
ac_cv_header_sys_statvfs_h=yes
ac_cv_header_sys_time_h=yes
ac_cv_header_sys_types_h=yes
ac_cv_header_sys_types_h_makedev=yes
ac_cv_header_sys_utsname_h=yes
ac_cv_header_sys_wait_h=yes
ac_cv_header_syslog_h=yes
ac_cv_header_termios_h=yes
ac_cv_header_time=yes
ac_cv_header_time_h=yes
ac_cv_header_unistd_h=yes
ac_cv_header_vfork_h=no
ac_cv_host=arm-none-linux-gnueabi
ac_cv_lib_c_canonicalize_file_name=yes
ac_cv_lib_c_getline=yes
ac_cv_lib_dl_dlopen=yes
ac_cv_lib_m_pow=yes
ac_cv_member_struct_stat_st_rdev=yes
ac_cv_objext=o
ac_cv_path_EGREP='/bin/grep -E'
ac_cv_path_GREP=/bin/grep
ac_cv_path_MODPROBE_CMD=/sbin/modprobe
ac_cv_path_SED=/bin/sed
ac_cv_path_ac_pt_PKG_CONFIG=/usr/bin/pkg-config
ac_cv_path_install='/usr/bin/install -c'
ac_cv_path_mkdir=/bin/mkdir
ac_cv_prog_AWK=mawk
ac_cv_prog_CC=arm-none-linux-gnueabi-gcc
ac_cv_prog_CPP='arm-none-linux-gnueabi-gcc -E'
ac_cv_prog_RANLIB=arm-none-linux-gnueabi-ranlib
ac_cv_prog_cc_c89=
ac_cv_prog_cc_g=yes
ac_cv_prog_gcc_traditional=no
ac_cv_prog_make_make_set=yes
ac_cv_search_opendir='none required'
ac_cv_struct_tm=time.h
ac_cv_target=arm-none-linux-gnueabi
ac_cv_type_mode_t=yes
ac_cv_type_off_t=yes
ac_cv_type_pid_t=yes
ac_cv_type_signal=void
ac_cv_type_size_t=yes
ac_cv_type_ssize_t=yes
ac_cv_type_uid_t=yes
ac_cv_working_alloca_h=yes

## ----------------- ##
## Output variables. ##
## ----------------- ##

ALLOCA=''
APPLIB='no'
AWK='mawk'
BLKDEACTIVATE='yes'
BUILD_CMIRRORD='no'
BUILD_DMEVENTD=''
BUILD_LVMETAD='no'
CC='arm-none-linux-gnueabi-gcc'
CFLAGS=''
CFLOW_CMD=''
CLDFLAGS=' -Wl,--version-script,.export.sym'
CLDNOWHOLEARCHIVE='-Wl,-no-whole-archive'
CLDWHOLEARCHIVE='-Wl,-whole-archive'
CLUSTER='none'
CLVMD='none'
CLVMD_CMANAGERS=''
CLVMD_PATH=''
CMAN_CFLAGS=''
CMAN_LIBS=''
CMAP_CFLAGS=''
CMAP_LIBS=''
CMDLIB='no'
CONFDB_CFLAGS=''
CONFDB_LIBS=''
CONFDIR='/lvm/etc'
COPTIMISE_FLAG='-Os -march=armv5te -mtune=cortex-a8 -mthumb'
COROSYNC_CFLAGS=''
COROSYNC_LIBS=''
CPG_CFLAGS=''
CPG_LIBS=''
CPP='arm-none-linux-gnueabi-gcc -E'
CPPFLAGS=''
CSCOPE_CMD=''
CUNIT_CFLAGS=''
CUNIT_LIBS=''
DEBUG='no'
DEFAULT_ARCHIVE_SUBDIR='archive'
DEFAULT_BACKUP_SUBDIR='backup'
DEFAULT_CACHE_SUBDIR='cache'
DEFAULT_DATA_ALIGNMENT='1'
DEFAULT_DM_RUN_DIR='/var/run'
DEFAULT_LOCK_DIR='/data/lvm/lock'
DEFAULT_RUN_DIR='/data/lvm/run'
DEFAULT_SYS_DIR='/lvm/etc'
DEFS='-DHAVE_CONFIG_H'
DEVMAPPER='yes'
DLM_CFLAGS=''
DLM_LIBS=''
DL_LIBS='-ldl'
DMEVENTD=''
DMEVENTD_PATH=''
DMEVENTD_PIDFILE=''
DM_COMPAT='no'
DM_DEVICE_GID='0'
DM_DEVICE_MODE='0600'
DM_DEVICE_UID='0'
DM_IOCTLS='yes'
DM_LIB_PATCHLEVEL='1.02.77'
DM_LIB_VERSION='"1.02.77 (2012-10-15)"'
ECHO_C=''
ECHO_N='-n'
ECHO_T=''
EGREP='/bin/grep -E'
ELDFLAGS='-Wl,--export-dynamic'
EXEEXT=''
FSADM='yes'
GENHTML=''
GENPNG=''
GREP='/bin/grep'
HAVE_LIBDL='yes'
HAVE_REALTIME=''
INSTALL_DATA='${INSTALL} -m 644'
INSTALL_PROGRAM='${INSTALL}'
INSTALL_SCRIPT='${INSTALL}'
INTL='no'
INTL_PACKAGE=''
JOBS=''
LCOV=''
LDDEPS=' .export.sym'
LDFLAGS=''
LIBOBJS=' ${LIBOBJDIR}lstat$U.o ${LIBOBJDIR}memcmp$U.o ${LIBOBJDIR}stat$U.o ${LIBOBJDIR}strtod$U.o'
LIBS=''
LIB_SUFFIX='so'
LN_S='ln -s'
LOCALEDIR=''
LTLIBOBJS=' ${LIBOBJDIR}lstat$U.lo ${LIBOBJDIR}memcmp$U.lo ${LIBOBJDIR}stat$U.lo ${LIBOBJDIR}strtod$U.lo'
LVM1='internal'
LVM1_FALLBACK='no'
LVM2APP_LIB=''
LVM2CMD_LIB=''
LVMETAD_PIDFILE=''
LVM_LIBAPI='2'
LVM_MAJOR='2'
LVM_MINOR='02'
LVM_PATCHLEVEL='98'
LVM_PATH='/lvm/sbin/lvm'
LVM_RELEASE='""'
LVM_RELEASE_DATE='"2012-10-15"'
LVM_VERSION='"2.02.98(2) (2012-10-15)"'
MIRRORS='internal'
MKDIR_P='/bin/mkdir -p'
MODPROBE_CMD='/sbin/modprobe'
MSGFMT=''
OBJEXT='o'
OCF='no'
OCFDIR='${prefix}/lib/ocf/resource.d/lvm2'
PACKAGE_BUGREPORT=''
PACKAGE_NAME=''
PACKAGE_STRING=''
PACKAGE_TARNAME=''
PACKAGE_URL=''
PACKAGE_VERSION=''
PATH_SEPARATOR=':'
PKGCONFIG='no'
PKGCONFIGINIT_CFLAGS=''
PKGCONFIGINIT_LIBS=''
PKG_CONFIG='/usr/bin/pkg-config'
PKG_CONFIG_LIBDIR=''
PKG_CONFIG_PATH=''
POOL='none'
POW_LIB='-lm'
PTHREAD_LIBS=''
PYTHON=''
PYTHON_BINDINGS='no'
PYTHON_CONFIG=''
PYTHON_INCDIRS=''
PYTHON_LIBDIRS=''
QUORUM_CFLAGS=''
QUORUM_LIBS=''
RAID='internal'
RANLIB='arm-none-linux-gnueabi-ranlib'
READLINE_LIBS=''
REPLICATORS='none'
SACKPT_CFLAGS=''
SACKPT_LIBS=''
SALCK_CFLAGS=''
SALCK_LIBS=''
SED='/bin/sed'
SELINUX_LIBS=''
SELINUX_PC=''
SET_MAKE=''
SHELL='/bin/sh'
SNAPSHOTS='internal'
STATICDIR='${exec_prefix}/sbin'
STATIC_LINK='yes'
TESTING='no'
THIN='none'
THIN_CHECK_CMD=''
UDEV_CFLAGS=''
UDEV_HAS_BUILTIN_BLKID='no'
UDEV_LIBS=''
UDEV_PC=''
UDEV_RULES='no'
UDEV_RULE_EXEC_DETECTION='no'
UDEV_SYNC='no'
VALGRIND_CFLAGS=''
VALGRIND_LIBS=''
VALGRIND_POOL='no'
WRITE_INSTALL='no'
ac_ct_CC=''
bindir='${exec_prefix}/bin'
build='i686-pc-linux-gnu'
build_alias=''
build_cpu='i686'
build_os='linux-gnu'
build_vendor='pc'
datadir='${datarootdir}'
datarootdir='${prefix}/share'
docdir='${datarootdir}/doc/${PACKAGE}'
dvidir='${docdir}'
exec_prefix='${prefix}'
host='arm-none-linux-gnueabi'
host_alias='arm-none-linux-gnueabi'
host_cpu='arm'
host_os='linux-gnueabi'
host_vendor='none'
htmldir='${docdir}'
includedir='${prefix}/include'
infodir='${datarootdir}/info'
interface='ioctl'
kerneldir=''
kernelvsn=''
libdir='${exec_prefix}/lib'
libexecdir='${exec_prefix}/libexec'
localedir='${datarootdir}/locale'
localstatedir='${prefix}/var'
mandir='${datarootdir}/man'
missingkernel=''
oldincludedir='/usr/include'
pdfdir='${docdir}'
prefix='/lvm'
program_transform_name='s,x,x,'
psdir='${docdir}'
sbindir='${exec_prefix}/sbin'
sharedstatedir='${prefix}/com'
sysconfdir='${prefix}/etc'
systemdsystemunitdir='${exec_prefix}/lib/systemd/system'
systemdutildir='${exec_prefix}/lib/systemd'
target='arm-none-linux-gnueabi'
target_alias=''
target_cpu='arm'
target_os='linux-gnueabi'
target_vendor='none'
tmpdir=''
tmpfilesdir='${prefix}/lib/tmpfiles.d'
udev_prefix='${exec_prefix}'
udevdir='${udev_prefix}/lib/udev/rules.d'
usrlibdir='${prefix}/lib'
usrsbindir='${prefix}/sbin'

## ----------- ##
## confdefs.h. ##
## ----------- ##

/* confdefs.h */
#define PACKAGE_NAME ""
#define PACKAGE_TARNAME ""
#define PACKAGE_VERSION ""
#define PACKAGE_STRING ""
#define PACKAGE_BUGREPORT ""
#define PACKAGE_URL ""
#define HAVE_DIRENT_H 1
#define STDC_HEADERS 1
#define HAVE_SYS_TYPES_H 1
#define HAVE_SYS_STAT_H 1
#define HAVE_STDLIB_H 1
#define HAVE_STRING_H 1
#define HAVE_MEMORY_H 1
#define HAVE_STRINGS_H 1
#define HAVE_INTTYPES_H 1
#define HAVE_STDINT_H 1
#define HAVE_UNISTD_H 1
#define STDC_HEADERS 1
#define HAVE_SYS_WAIT_H 1
#define TIME_WITH_SYS_TIME 1
#define HAVE_LOCALE_H 1
#define HAVE_STDDEF_H 1
#define HAVE_SYSLOG_H 1
#define HAVE_SYS_FILE_H 1
#define HAVE_SYS_TIME_H 1
#define HAVE_ASSERT_H 1
#define HAVE_LANGINFO_H 1
#define HAVE_LIBGEN_H 1
#define HAVE_SIGNAL_H 1
#define HAVE_SYS_MMAN_H 1
#define HAVE_SYS_RESOURCE_H 1
#define HAVE_SYS_UTSNAME_H 1
#define HAVE_SYS_WAIT_H 1
#define HAVE_TIME_H 1
#define HAVE_ASM_BYTEORDER_H 1
#define HAVE_LINUX_FS_H 1
#define HAVE_MALLOC_H 1
#define HAVE_CTYPE_H 1
#define HAVE_DIRENT_H 1
#define HAVE_ERRNO_H 1
#define HAVE_FCNTL_H 1
#define HAVE_GETOPT_H 1
#define HAVE_INTTYPES_H 1
#define HAVE_LIMITS_H 1
#define HAVE_STDARG_H 1
#define HAVE_STDIO_H 1
#define HAVE_STDLIB_H 1
#define HAVE_STRING_H 1
#define HAVE_SYS_IOCTL_H 1
#define HAVE_SYS_PARAM_H 1
#define HAVE_SYS_STAT_H 1
#define HAVE_SYS_TYPES_H 1
#define HAVE_UNISTD_H 1
#define HAVE_TERMIOS_H 1
#define HAVE_SYS_STATVFS_H 1
#define HAVE_STRUCT_STAT_ST_RDEV 1
#define RETSIGTYPE void
#define HAVE_STRUCT_STAT_ST_RDEV 1
#define HAVE_FTRUNCATE 1
#define HAVE_GETHOSTNAME 1
#define HAVE_GETPAGESIZE 1
#define HAVE_GETTIMEOFDAY 1
#define HAVE_MEMSET 1
#define HAVE_MKDIR 1
#define HAVE_MKFIFO 1
#define HAVE_RMDIR 1
#define HAVE_MUNMAP 1
#define HAVE_NL_LANGINFO 1
#define HAVE_SETENV 1
#define HAVE_SETLOCALE 1
#define HAVE_STRCASECMP 1
#define HAVE_STRCHR 1
#define HAVE_STRCSPN 1
#define HAVE_STRSPN 1
#define HAVE_STRDUP 1
#define HAVE_STRNCASECMP 1
#define HAVE_STRERROR 1
#define HAVE_STRRCHR 1
#define HAVE_STRSTR 1
#define HAVE_STRTOL 1
#define HAVE_STRTOUL 1
#define HAVE_UNAME 1
#define HAVE_SIGINTERRUPT 1
#define HAVE_ALLOCA_H 1
#define HAVE_ALLOCA 1
#define CLOSEDIR_VOID 1
#define HAVE_UNISTD_H 1
#define HAVE_FORK 1
#define HAVE_VFORK 1
#define HAVE_WORKING_VFORK 1
#define HAVE_WORKING_FORK 1
#define HAVE_LSTAT_EMPTY_STRING_BUG 1
#define HAVE_STDLIB_H 1
#define HAVE_MALLOC 1
#define HAVE_STDLIB_H 1
#define HAVE_UNISTD_H 1
#define HAVE_SYS_PARAM_H 1
#define HAVE_GETPAGESIZE 1
#define HAVE_STDLIB_H 1
#define HAVE_REALLOC 1
#define HAVE_STAT_EMPTY_STRING_BUG 1
#define HAVE_VPRINTF 1
#define DEFAULT_DM_ADD_NODE DM_ADD_NODE_ON_RESUME
#define DEFAULT_DM_NAME_MANGLING DM_STRING_MANGLING_AUTO
#define LVM1_INTERNAL 1
#define SNAPSHOT_INTERNAL 1
#define MIRRORED_INTERNAL 1
#define RAID_INTERNAL 1
#define THIN_CHECK_CMD ""
#define DEFAULT_PID_DIR "/var/run"
#define DEFAULT_DM_RUN_DIR "/var/run"
#define DEFAULT_RUN_DIR "/data/lvm/run"
#define DEVMAPPER_SUPPORT 1
#define O_DIRECT_SUPPORT 1
#define HAVE_GETLINE 1
#define HAVE_CANONICALIZE_FILE_NAME 1
#define HAVE_LIBDL 1
#define HAVE_GETOPT_H 1
#define HAVE_GETOPTLONG 1
#define HAVE_DLFCN_H 1
#define MODPROBE_CMD "/sbin/modprobe"
#define LVM_PATH "/lvm/sbin/lvm"
#define DEFAULT_SYS_DIR "/lvm/etc"
#define DEFAULT_ARCHIVE_SUBDIR "archive"
#define DEFAULT_BACKUP_SUBDIR "backup"
#define DEFAULT_CACHE_SUBDIR "cache"
#define DEFAULT_LOCK_DIR "/data/lvm/lock"
#define DEFAULT_DATA_ALIGNMENT 1
#define DM_LIB_VERSION "1.02.77 (2012-10-15)"

configure: exit 0
